#
# A fatal error has been detected by the Java Runtime Environment:
#
#  EXCEPTION_ACCESS_VIOLATION (0xc0000005) at pc=0x0000000000000000, pid=8096, tid=0x0000000000001740
#
# JRE version: OpenJDK Runtime Environment (8.0_242-b01) (build 1.8.0_242-release-1644-b01)
# Java VM: OpenJDK 64-Bit Server VM (25.242-b01 mixed mode windows-amd64 compressed oops)
# Problematic frame:
# C  0x0000000000000000
#
# Failed to write core dump. Minidumps are not enabled by default on client versions of Windows
#
# If you would like to submit a bug report, please visit:
#   
#

---------------  T H R E A D  ---------------

Current thread (0x0000000002707800):  GCTaskThread [stack: 0x00000000120c0000,0x00000000121c0000] [id=5952]

siginfo: ExceptionCode=0xc0000005, ExceptionInformation=0x0000000000000008 0x0000000000000000

Registers:
RAX=0x0000000100001438, RBX=0x0000000011bca4d9, RCX=0x0000000100001690, RDX=0x0000000016123fc0
RSP=0x00000000121bf4b8, RBP=0x0000000011bca501, RSI=0x00000000a349b200, RDI=0x00000000a349b1d0
R8 =0x00000000a349b1d0, R9 =0x0000000100001690, R10=0x0000000011ec0000, R11=0x00000000119c0000
R12=0x0000000011bca4d8, R13=0x0000000016123fc0, R14=0x0000000002703650, R15=0x000000000000000c
RIP=0x0000000000000000, EFLAGS=0x0000000000010203

Top of Stack: (sp=0x00000000121bf4b8)
0x00000000121bf4b8:   0000000054ba2e2f 0000000011bca4d9
0x00000000121bf4c8:   0000000011bca501 00000000a349b200
0x00000000121bf4d8:   00000000ee8f12a1 0000000011bca400
0x00000000121bf4e8:   0000000011bcfc27 0000000000000200
0x00000000121bf4f8:   0000000000000080 00000000026f1150
0x00000000121bf508:   00000000027009f0 0000000054dfdbb0
0x00000000121bf518:   0000000000000000 0000000000000000
0x00000000121bf528:   0000000016035480 0000000002707d00
0x00000000121bf538:   0000000002707cf0 0000000016123fc0
0x00000000121bf548:   0000000054bb56a2 0000000011bca480
0x00000000121bf558:   0000000002703810 00000000a34a0028
0x00000000121bf568:   00000000a3f84d40 0000000016123fc0
0x00000000121bf578:   0000000000000001 0000000000000004
0x00000000121bf588:   0000000002705500 0000000016035480
0x00000000121bf598:   0000000054ba482e 0000000002707800
0x00000000121bf5a8:   0000000000000000 0000000000000000 

Instructions: (pc=0x0000000000000000)
0xffffffffffffffe0:   


Register to memory mapping:

RAX=0x0000000100001438 is pointing into metadata
RBX=0x0000000011bca4d9 is an unknown value
RCX=0x0000000100001690 is pointing into metadata
RDX=0x0000000016123fc0 is an unknown value
RSP=0x00000000121bf4b8 is an unknown value
RBP=0x0000000011bca501 is an unknown value
RSI=0x00000000a349b200 is pointing into object: 0x00000000a349b1e8
[I 
 - klass: {type array int}
 - length: 6
RDI=0x00000000a349b1d0 is an oop

[error occurred during error reporting (printing register info), id 0xc0000005]

Stack: [0x00000000120c0000,0x00000000121c0000],  sp=0x00000000121bf4b8,  free space=1021k
Native frames: (J=compiled Java code, j=interpreted, Vv=VM code, C=native code)


---------------  P R O C E S S  ---------------

Java Threads: ( => current thread )
  0x000000001ead9800 JavaThread "Cache worker for file content cache (D:\Radhen\shinewash\android\.gradle\5.6.2\fileContent)" [_thread_blocked, id=9144, stack(0x0000000021d30000,0x0000000021e30000)]
  0x000000001ead8800 JavaThread "Cache worker for file content cache (C:\Users\ankita\.gradle\caches\5.6.2\fileContent)" [_thread_blocked, id=6304, stack(0x0000000000a20000,0x0000000000b20000)]
  0x000000001f027800 JavaThread "Memory manager" [_thread_blocked, id=11120, stack(0x0000000021210000,0x0000000021310000)]
  0x000000001f021800 JavaThread "Cache worker for Build Output Cleanup Cache (D:\Radhen\shinewash\android\.gradle\buildOutputCleanup)" [_thread_blocked, id=3024, stack(0x0000000020f10000,0x0000000021010000)]
  0x000000001f020000 JavaThread "Build operations Thread 4" [_thread_blocked, id=11524, stack(0x0000000020810000,0x0000000020910000)]
  0x000000001f020800 JavaThread "Build operations Thread 3" [_thread_blocked, id=6792, stack(0x0000000020710000,0x0000000020810000)]
  0x000000001f026000 JavaThread "Build operations Thread 2" [_thread_blocked, id=3240, stack(0x0000000020610000,0x0000000020710000)]
  0x000000001f025000 JavaThread "Build operations" [_thread_blocked, id=12072, stack(0x0000000020510000,0x0000000020610000)]
  0x000000001f01e800 JavaThread "Cache worker for execution history cache (C:\Users\ankita\.gradle\caches\5.6.2\executionHistory)" [_thread_blocked, id=5640, stack(0x0000000020210000,0x0000000020310000)]
  0x0000000019c9e800 JavaThread "Cache worker for cache directory md-rule (C:\Users\ankita\.gradle\caches\5.6.2\md-rule)" [_thread_blocked, id=6236, stack(0x000000001fb00000,0x000000001fc00000)]
  0x0000000019c9d800 JavaThread "Cache worker for cache directory md-supplier (C:\Users\ankita\.gradle\caches\5.6.2\md-supplier)" [_thread_blocked, id=10444, stack(0x000000001fa00000,0x000000001fb00000)]
  0x0000000019c99800 JavaThread "Cache worker for file hash cache (D:\Radhen\shinewash\android\.gradle\5.6.2\fileHashes)" [_thread_blocked, id=11924, stack(0x000000001f700000,0x000000001f800000)]
  0x0000000019c98000 JavaThread "Cache worker for journal cache (C:\Users\ankita\.gradle\caches\journal-1)" [_thread_blocked, id=9240, stack(0x000000001bcd0000,0x000000001bdd0000)]
  0x0000000019c9c000 JavaThread "File lock request listener" [_thread_in_native, id=7060, stack(0x000000001bbd0000,0x000000001bcd0000)]
  0x0000000018df1800 JavaThread "Cache worker for file hash cache (C:\Users\ankita\.gradle\caches\5.6.2\fileHashes)" [_thread_blocked, id=12060, stack(0x000000001bad0000,0x000000001bbd0000)]
  0x0000000019a37000 JavaThread "Thread-9" [_thread_blocked, id=6252, stack(0x000000001b9d0000,0x000000001bad0000)]
  0x0000000019a36800 JavaThread "Stdin handler" [_thread_blocked, id=11388, stack(0x000000001b8d0000,0x000000001b9d0000)]
  0x0000000019a35000 JavaThread "Asynchronous log dispatcher for DefaultDaemonConnection: socket connection from /127.0.0.1:51587 to /127.0.0.1:51588" [_thread_blocked, id=6060, stack(0x000000001b7d0000,0x000000001b8d0000)]
  0x00000000199e4000 JavaThread "Daemon worker" [_thread_blocked, id=12084, stack(0x000000001b6d0000,0x000000001b7d0000)]
  0x00000000199e3000 JavaThread "Cancel handler" [_thread_blocked, id=664, stack(0x000000001b3d0000,0x000000001b4d0000)]
  0x00000000199da800 JavaThread "Handler for socket connection from /127.0.0.1:51587 to /127.0.0.1:51588" [_thread_in_native, id=5056, stack(0x000000001b2d0000,0x000000001b3d0000)]
  0x00000000199d3800 JavaThread "Daemon" [_thread_blocked, id=3884, stack(0x000000001b1d0000,0x000000001b2d0000)]
  0x00000000199cc000 JavaThread "Daemon periodic checks" [_thread_blocked, id=8908, stack(0x000000001b0d0000,0x000000001b1d0000)]
  0x0000000019977000 JavaThread "Incoming local TCP Connector on port 51587" [_thread_in_native, id=4968, stack(0x000000001ae90000,0x000000001af90000)]
  0x0000000018279000 JavaThread "Daemon health stats" [_thread_blocked, id=2232, stack(0x000000001a850000,0x000000001a950000)]
  0x00000000179d9000 JavaThread "Service Thread" daemon [_thread_blocked, id=2240, stack(0x0000000017eb0000,0x0000000017fb0000)]
  0x00000000179c0800 JavaThread "C1 CompilerThread2" daemon [_thread_blocked, id=10980, stack(0x0000000017db0000,0x0000000017eb0000)]
  0x00000000161aa000 JavaThread "C2 CompilerThread1" daemon [_thread_blocked, id=10756, stack(0x00000000178b0000,0x00000000179b0000)]
  0x0000000016168800 JavaThread "C2 CompilerThread0" daemon [_thread_in_native, id=8456, stack(0x00000000177b0000,0x00000000178b0000)]
  0x0000000016166000 JavaThread "Attach Listener" daemon [_thread_blocked, id=11452, stack(0x00000000176b0000,0x00000000177b0000)]
  0x0000000016165000 JavaThread "Signal Dispatcher" daemon [_thread_blocked, id=6192, stack(0x00000000175b0000,0x00000000176b0000)]
  0x00000000027ed000 JavaThread "Finalizer" daemon [_thread_blocked, id=10744, stack(0x00000000173b0000,0x00000000174b0000)]
  0x0000000016149000 JavaThread "Reference Handler" daemon [_thread_blocked, id=7924, stack(0x00000000172b0000,0x00000000173b0000)]
  0x00000000025ee800 JavaThread "main" [_thread_blocked, id=11840, stack(0x00000000025f0000,0x00000000026f0000)]

Other Threads:
  0x0000000016128000 VMThread [stack: 0x00000000171b0000,0x00000000172b0000] [id=6540]
  0x00000000161bc000 WatcherThread [stack: 0x0000000017fb0000,0x00000000180b0000] [id=3836]

=>0x0000000002707800 (exited) GCTaskThread [stack: 0x00000000120c0000,0x00000000121c0000] [id=5952]

VM state:at safepoint (normal execution)

VM Mutex/Monitor currently owned by a thread:  ([mutex/lock_event])
[0x00000000025edff0] Threads_lock - owner thread: 0x0000000016128000
[0x00000000025ed970] Heap_lock - owner thread: 0x00000000199e4000

heap address: 0x00000000a0000000, size: 1536 MB, Compressed Oops mode: 32-bit
Narrow klass base: 0x0000000000000000, Narrow klass shift: 3
Compressed class space size: 1073741824 Address: 0x0000000100000000

Heap:
 PSYoungGen      total 198144K, used 198112K [0x00000000e0000000, 0x00000000ef180000, 0x0000000100000000)
  eden space 181248K, 100% used [0x00000000e0000000,0x00000000eb100000,0x00000000eb100000)
  from space 16896K, 99% used [0x00000000eb100000,0x00000000ec178010,0x00000000ec180000)
  to   space 27648K, 68% used [0x00000000ed680000,0x00000000ee914858,0x00000000ef180000)
 ParOldGen       total 138752K, used 81878K [0x00000000a0000000, 0x00000000a8780000, 0x00000000e0000000)
  object space 138752K, 59% used [0x00000000a0000000,0x00000000a4ff5b50,0x00000000a8780000)
 Metaspace       used 70150K, capacity 74978K, committed 75176K, reserved 1114112K
  class space    used 9522K, capacity 10802K, committed 10920K, reserved 1048576K

Card table byte_map: [0x0000000011bb0000,0x0000000011ec0000] byte_map_base: 0x00000000116b0000

Marking Bits: (ParMarkBitMap*) 0x0000000054faf030
 Begin Bits: [0x00000000124c0000, 0x0000000013cc0000)
 End Bits:   [0x0000000013cc0000, 0x00000000154c0000)

Polling page: 0x0000000000820000

CodeCache: size=245760Kb used=33343Kb max_used=33351Kb free=212416Kb
 bounds [0x00000000027f0000, 0x00000000048b0000, 0x00000000117f0000]
 total_blobs=11001 nmethods=10152 adapters=761
 compilation: enabled

Compilation events (10 events):
Event: 78.947 Thread 0x00000000179c0800 11773       3       org.gradle.api.internal.artifacts.ivyservice.ivyresolve.VersionInfo::<init> (10 bytes)
Event: 78.947 Thread 0x00000000179c0800 nmethod 11773 0x00000000048a0bd0 code [0x00000000048a0d20, 0x00000000048a0ef0]
Event: 78.963 Thread 0x00000000161aa000 nmethod 11754 0x00000000048a4d10 code [0x00000000048a5060, 0x00000000048a6160]
Event: 78.963 Thread 0x00000000161aa000 11774       4       org.gradle.api.internal.attributes.DefaultImmutableAttributes::equals (124 bytes)
Event: 78.966 Thread 0x00000000179c0800 11775       3       org.gradle.api.internal.artifacts.ProjectBackedModule::getGroup (13 bytes)
Event: 78.966 Thread 0x00000000179c0800 nmethod 11775 0x00000000048a4790 code [0x00000000048a4900, 0x00000000048a4bf8]
Event: 78.966 Thread 0x00000000179c0800 11776       3       org.gradle.api.internal.artifacts.ProjectBackedModule::getName (10 bytes)
Event: 78.966 Thread 0x00000000179c0800 nmethod 11776 0x00000000048a4350 code [0x00000000048a44a0, 0x00000000048a46d0]
Event: 78.967 Thread 0x00000000179c0800 11777       3       org.gradle.api.internal.artifacts.ivyservice.moduleconverter.dependencies.DefaultDependencyDescriptorFactory::createDependencyConstraintDescriptor (94 bytes)
Event: 78.968 Thread 0x00000000179c0800 nmethod 11777 0x00000000048a2e10 code [0x00000000048a3060, 0x00000000048a3db8]

GC Heap History (10 events):
Event: 17.702 GC heap after
Heap after GC invocations=16 (full 2):
 PSYoungGen      total 147456K, used 10160K [0x00000000e0000000, 0x00000000ea180000, 0x0000000100000000)
  eden space 133632K, 0% used [0x00000000e0000000,0x00000000e0000000,0x00000000e8280000)
  from space 13824K, 73% used [0x00000000e9080000,0x00000000e9a6c360,0x00000000e9e00000)
  to   space 14336K, 0% used [0x00000000e8280000,0x00000000e8280000,0x00000000e9080000)
 ParOldGen       total 90112K, used 27956K [0x00000000a0000000, 0x00000000a5800000, 0x00000000e0000000)
  object space 90112K, 31% used [0x00000000a0000000,0x00000000a1b4d0e0,0x00000000a5800000)
 Metaspace       used 53396K, capacity 55326K, committed 55464K, reserved 1097728K
  class space    used 7273K, capacity 7817K, committed 7848K, reserved 1048576K
}
Event: 21.147 GC heap before
{Heap before GC invocations=17 (full 2):
 PSYoungGen      total 147456K, used 105892K [0x00000000e0000000, 0x00000000ea180000, 0x0000000100000000)
  eden space 133632K, 71% used [0x00000000e0000000,0x00000000e5d7cd50,0x00000000e8280000)
  from space 13824K, 73% used [0x00000000e9080000,0x00000000e9a6c360,0x00000000e9e00000)
  to   space 14336K, 0% used [0x00000000e8280000,0x00000000e8280000,0x00000000e9080000)
 ParOldGen       total 90112K, used 27956K [0x00000000a0000000, 0x00000000a5800000, 0x00000000e0000000)
  object space 90112K, 31% used [0x00000000a0000000,0x00000000a1b4d0e0,0x00000000a5800000)
 Metaspace       used 56666K, capacity 58994K, committed 59160K, reserved 1099776K
  class space    used 7641K, capacity 8249K, committed 8360K, reserved 1048576K
Event: 21.229 GC heap after
Heap after GC invocations=17 (full 2):
 PSYoungGen      total 147968K, used 9140K [0x00000000e0000000, 0x00000000ed200000, 0x0000000100000000)
  eden space 133632K, 0% used [0x00000000e0000000,0x00000000e0000000,0x00000000e8280000)
  from space 14336K, 63% used [0x00000000e8280000,0x00000000e8b6d180,0x00000000e9080000)
  to   space 14336K, 0% used [0x00000000ec400000,0x00000000ec400000,0x00000000ed200000)
 ParOldGen       total 90112K, used 32986K [0x00000000a0000000, 0x00000000a5800000, 0x00000000e0000000)
  object space 90112K, 36% used [0x00000000a0000000,0x00000000a2036900,0x00000000a5800000)
 Metaspace       used 56666K, capacity 58994K, committed 59160K, reserved 1099776K
  class space    used 7641K, capacity 8249K, committed 8360K, reserved 1048576K
}
Event: 21.229 GC heap before
{Heap before GC invocations=18 (full 3):
 PSYoungGen      total 147968K, used 9140K [0x00000000e0000000, 0x00000000ed200000, 0x0000000100000000)
  eden space 133632K, 0% used [0x00000000e0000000,0x00000000e0000000,0x00000000e8280000)
  from space 14336K, 63% used [0x00000000e8280000,0x00000000e8b6d180,0x00000000e9080000)
  to   space 14336K, 0% used [0x00000000ec400000,0x00000000ec400000,0x00000000ed200000)
 ParOldGen       total 90112K, used 32986K [0x00000000a0000000, 0x00000000a5800000, 0x00000000e0000000)
  object space 90112K, 36% used [0x00000000a0000000,0x00000000a2036900,0x00000000a5800000)
 Metaspace       used 56666K, capacity 58994K, committed 59160K, reserved 1099776K
  class space    used 7641K, capacity 8249K, committed 8360K, reserved 1048576K
Event: 21.714 GC heap after
Heap after GC invocations=18 (full 3):
 PSYoungGen      total 147968K, used 0K [0x00000000e0000000, 0x00000000ed200000, 0x0000000100000000)
  eden space 133632K, 0% used [0x00000000e0000000,0x00000000e0000000,0x00000000e8280000)
  from space 14336K, 0% used [0x00000000e8280000,0x00000000e8280000,0x00000000e9080000)
  to   space 14336K, 0% used [0x00000000ec400000,0x00000000ec400000,0x00000000ed200000)
 ParOldGen       total 138752K, used 40492K [0x00000000a0000000, 0x00000000a8780000, 0x00000000e0000000)
  object space 138752K, 29% used [0x00000000a0000000,0x00000000a278b168,0x00000000a8780000)
 Metaspace       used 56666K, capacity 58994K, committed 59160K, reserved 1099776K
  class space    used 7641K, capacity 8249K, committed 8360K, reserved 1048576K
}
Event: 25.810 GC heap before
{Heap before GC invocations=19 (full 3):
 PSYoungGen      total 147968K, used 133632K [0x00000000e0000000, 0x00000000ed200000, 0x0000000100000000)
  eden space 133632K, 100% used [0x00000000e0000000,0x00000000e8280000,0x00000000e8280000)
  from space 14336K, 0% used [0x00000000e8280000,0x00000000e8280000,0x00000000e9080000)
  to   space 14336K, 0% used [0x00000000ec400000,0x00000000ec400000,0x00000000ed200000)
 ParOldGen       total 138752K, used 40492K [0x00000000a0000000, 0x00000000a8780000, 0x00000000e0000000)
  object space 138752K, 29% used [0x00000000a0000000,0x00000000a278b168,0x00000000a8780000)
 Metaspace       used 60065K, capacity 63320K, committed 63528K, reserved 1103872K
  class space    used 8142K, capacity 8964K, committed 9000K, reserved 1048576K
Event: 25.834 GC heap after
Heap after GC invocations=19 (full 3):
 PSYoungGen      total 180224K, used 14304K [0x00000000e0000000, 0x00000000ed200000, 0x0000000100000000)
  eden space 165888K, 0% used [0x00000000e0000000,0x00000000e0000000,0x00000000ea200000)
  from space 14336K, 99% used [0x00000000ec400000,0x00000000ed1f8020,0x00000000ed200000)
  to   space 16896K, 0% used [0x00000000eb100000,0x00000000eb100000,0x00000000ec180000)
 ParOldGen       total 138752K, used 42912K [0x00000000a0000000, 0x00000000a8780000, 0x00000000e0000000)
  object space 138752K, 30% used [0x00000000a0000000,0x00000000a29e8160,0x00000000a8780000)
 Metaspace       used 60065K, capacity 63320K, committed 63528K, reserved 1103872K
  class space    used 8142K, capacity 8964K, committed 9000K, reserved 1048576K
}
Event: 30.736 GC heap before
{Heap before GC invocations=20 (full 3):
 PSYoungGen      total 180224K, used 180192K [0x00000000e0000000, 0x00000000ed200000, 0x0000000100000000)
  eden space 165888K, 100% used [0x00000000e0000000,0x00000000ea200000,0x00000000ea200000)
  from space 14336K, 99% used [0x00000000ec400000,0x00000000ed1f8020,0x00000000ed200000)
  to   space 16896K, 0% used [0x00000000eb100000,0x00000000eb100000,0x00000000ec180000)
 ParOldGen       total 138752K, used 42912K [0x00000000a0000000, 0x00000000a8780000, 0x00000000e0000000)
  object space 138752K, 30% used [0x00000000a0000000,0x00000000a29e8160,0x00000000a8780000)
 Metaspace       used 62468K, capacity 67054K, committed 67112K, reserved 1105920K
  class space    used 8531K, capacity 9762K, committed 9768K, reserved 1048576K
Event: 30.800 GC heap after
Heap after GC invocations=20 (full 3):
 PSYoungGen      total 198144K, used 16864K [0x00000000e0000000, 0x00000000ef180000, 0x0000000100000000)
  eden space 181248K, 0% used [0x00000000e0000000,0x00000000e0000000,0x00000000eb100000)
  from space 16896K, 99% used [0x00000000eb100000,0x00000000ec178010,0x00000000ec180000)
  to   space 27648K, 0% used [0x00000000ed680000,0x00000000ed680000,0x00000000ef180000)
 ParOldGen       total 138752K, used 65043K [0x00000000a0000000, 0x00000000a8780000, 0x00000000e0000000)
  object space 138752K, 46% used [0x00000000a0000000,0x00000000a3f84d40,0x00000000a8780000)
 Metaspace       used 62468K, capacity 67054K, committed 67112K, reserved 1105920K
  class space    used 8531K, capacity 9762K, committed 9768K, reserved 1048576K
}
Event: 78.970 GC heap before
{Heap before GC invocations=21 (full 3):
 PSYoungGen      total 198144K, used 198112K [0x00000000e0000000, 0x00000000ef180000, 0x0000000100000000)
  eden space 181248K, 100% used [0x00000000e0000000,0x00000000eb100000,0x00000000eb100000)
  from space 16896K, 99% used [0x00000000eb100000,0x00000000ec178010,0x00000000ec180000)
  to   space 27648K, 0% used [0x00000000ed680000,0x00000000ed680000,0x00000000ef180000)
 ParOldGen       total 138752K, used 65043K [0x00000000a0000000, 0x00000000a8780000, 0x00000000e0000000)
  object space 138752K, 46% used [0x00000000a0000000,0x00000000a3f84d40,0x00000000a8780000)
 Metaspace       used 70150K, capacity 74978K, committed 75176K, reserved 1114112K
  class space    used 9522K, capacity 10802K, committed 10920K, reserved 1048576K

Deoptimization events (10 events):
Event: 78.472 Thread 0x00000000199e4000 Uncommon trap: reason=class_check action=maybe_recompile pc=0x0000000002e72808 method=com.google.common.collect.ImmutableList.hashCode()I @ 3
Event: 78.473 Thread 0x00000000199e4000 Uncommon trap: reason=class_check action=maybe_recompile pc=0x0000000002e72808 method=com.google.common.collect.ImmutableList.hashCode()I @ 3
Event: 78.477 Thread 0x00000000199e4000 Uncommon trap: reason=class_check action=maybe_recompile pc=0x000000000443e794 method=java.util.HashMap.removeNode(ILjava/lang/Object;Ljava/lang/Object;ZZ)Ljava/util/HashMap$Node; @ 143
Event: 78.477 Thread 0x00000000199e4000 Uncommon trap: reason=class_check action=maybe_recompile pc=0x000000000443e794 method=java.util.HashMap.removeNode(ILjava/lang/Object;Ljava/lang/Object;ZZ)Ljava/util/HashMap$Node; @ 143
Event: 78.477 Thread 0x00000000199e4000 Uncommon trap: reason=class_check action=maybe_recompile pc=0x000000000443e794 method=java.util.HashMap.removeNode(ILjava/lang/Object;Ljava/lang/Object;ZZ)Ljava/util/HashMap$Node; @ 143
Event: 78.477 Thread 0x00000000199e4000 Uncommon trap: reason=class_check action=maybe_recompile pc=0x000000000443e794 method=java.util.HashMap.removeNode(ILjava/lang/Object;Ljava/lang/Object;ZZ)Ljava/util/HashMap$Node; @ 143
Event: 78.477 Thread 0x00000000199e4000 Uncommon trap: reason=class_check action=maybe_recompile pc=0x000000000441ab8c method=java.util.HashMap.removeNode(ILjava/lang/Object;Ljava/lang/Object;ZZ)Ljava/util/HashMap$Node; @ 143
Event: 78.533 Thread 0x00000000199e4000 Uncommon trap: reason=unstable_if action=reinterpret pc=0x0000000003b1c628 method=org.codehaus.groovy.reflection.ParameterTypes.correctArguments([Ljava/lang/Object;)[Ljava/lang/Object; @ 21
Event: 78.562 Thread 0x00000000199e4000 Uncommon trap: reason=bimorphic action=maybe_recompile pc=0x000000000426cc0c method=groovy.lang.MetaClassImpl.makeReplacementMetaProperty(Lgroovy/lang/MetaProperty;Ljava/lang/String;ZLgroovy/lang/MetaMethod;)Lgroovy/lang/MetaProperty; @ 14
Event: 78.959 Thread 0x00000000199e4000 Uncommon trap: reason=class_check action=maybe_recompile pc=0x000000000403864c method=com.google.common.collect.ImmutableSet$Builder.build()Lcom/google/common/collect/ImmutableSet; @ 147

Classes redefined (0 events):
No events

Internal exceptions (10 events):
Event: 76.581 Thread 0x00000000199e4000 Exception <a 'java/net/SocketTimeoutException': Read timed out> (0x00000000e7de78b8) thrown at [C:\src\AOSP-openjdk-git\hotspot\src\share\vm\prims\jni.cpp, line 737]
Event: 77.186 Thread 0x00000000199e4000 Exception <a 'java/net/SocketTimeoutException': Read timed out> (0x00000000e7dfb7a8) thrown at [C:\src\AOSP-openjdk-git\hotspot\src\share\vm\prims\jni.cpp, line 737]
Event: 77.245 Thread 0x00000000199e4000 Exception <a 'java/net/SocketTimeoutException': Read timed out> (0x00000000e7e3e510) thrown at [C:\src\AOSP-openjdk-git\hotspot\src\share\vm\prims\jni.cpp, line 737]
Event: 77.813 Thread 0x00000000199e4000 Exception <a 'java/net/SocketTimeoutException': Read timed out> (0x00000000e7e7ebd8) thrown at [C:\src\AOSP-openjdk-git\hotspot\src\share\vm\prims\jni.cpp, line 737]
Event: 78.537 Thread 0x00000000199e4000 Exception <a 'java/lang/ClassNotFoundException': org/gradle/api/internal/file/collections/DefaultConfigurableFileCollectionBeanInfo> (0x00000000e86ddc00) thrown at [C:\src\AOSP-openjdk-git\hotspot\src\share\vm\classfile\systemDictionary.cpp, line 210]
Event: 78.538 Thread 0x00000000199e4000 Exception <a 'java/lang/ClassNotFoundException': org/gradle/api/internal/file/collections/DefaultConfigurableFileCollectionCustomizer> (0x00000000e86fecf8) thrown at [C:\src\AOSP-openjdk-git\hotspot\src\share\vm\classfile\systemDictionary.cpp, line 210]
Event: 78.543 Thread 0x00000000199e4000 Exception <a 'java/lang/ClassNotFoundException': org/gradle/api/internal/file/UnionFileCollectionBeanInfo> (0x00000000e87a5178) thrown at [C:\src\AOSP-openjdk-git\hotspot\src\share\vm\classfile\systemDictionary.cpp, line 210]
Event: 78.544 Thread 0x00000000199e4000 Exception <a 'java/lang/ClassNotFoundException': org/gradle/api/internal/file/UnionFileCollectionCustomizer> (0x00000000e87bdb40) thrown at [C:\src\AOSP-openjdk-git\hotspot\src\share\vm\classfile\systemDictionary.cpp, line 210]
Event: 78.562 Thread 0x00000000199e4000 Exception <a 'java/lang/ClassNotFoundException': java/util/regex/MatcherBeanInfo> (0x00000000e8a03728) thrown at [C:\src\AOSP-openjdk-git\hotspot\src\share\vm\classfile\systemDictionary.cpp, line 210]
Event: 78.562 Thread 0x00000000199e4000 Exception <a 'java/lang/ClassNotFoundException': java/util/regex/MatcherCustomizer> (0x00000000e8a0d358) thrown at [C:\src\AOSP-openjdk-git\hotspot\src\share\vm\classfile\systemDictionary.cpp, line 210]

Events (10 events):
Event: 78.566 loading class org/codehaus/groovy/runtime/dgm$1188
Event: 78.566 loading class org/codehaus/groovy/runtime/dgm$1188 done
Event: 78.567 loading class org/codehaus/groovy/runtime/dgm$1189
Event: 78.567 loading class org/codehaus/groovy/runtime/dgm$1189 done
Event: 78.788 Thread 0x00000000199e4000 DEOPT PACKING pc=0x000000000362b3cc sp=0x000000001b7cb0e0
Event: 78.788 Thread 0x00000000199e4000 DEOPT UNPACKING pc=0x00000000028375d0 sp=0x000000001b7cae48 mode 0
Event: 78.959 Thread 0x00000000199e4000 Uncommon trap: trap_request=0xffffffde fr.pc=0x000000000403864c
Event: 78.959 Thread 0x00000000199e4000 DEOPT PACKING pc=0x000000000403864c sp=0x000000001b7ca0c0
Event: 78.959 Thread 0x00000000199e4000 DEOPT UNPACKING pc=0x000000000283557b sp=0x000000001b7ca088 mode 2
Event: 78.970 Executing VM operation: ParallelGCFailedAllocation


Dynamic libraries:
0x00007ff620ba0000 - 0x00007ff620bd1000 	C:\Program Files\Android\Android Studio\jre\bin\java.exe
0x00007ff832e80000 - 0x00007ff833070000 	C:\WINDOWS\SYSTEM32\ntdll.dll
0x00007ff831a60000 - 0x00007ff831b12000 	C:\WINDOWS\System32\KERNEL32.DLL
0x00007ff82fe00000 - 0x00007ff8300a5000 	C:\WINDOWS\System32\KERNELBASE.dll
0x00007ff831ed0000 - 0x00007ff831f73000 	C:\WINDOWS\System32\ADVAPI32.dll
0x00007ff8316f0000 - 0x00007ff83178e000 	C:\WINDOWS\System32\msvcrt.dll
0x00007ff831e10000 - 0x00007ff831ea7000 	C:\WINDOWS\System32\sechost.dll
0x00007ff831870000 - 0x00007ff831990000 	C:\WINDOWS\System32\RPCRT4.dll
0x00007ff831fe0000 - 0x00007ff832174000 	C:\WINDOWS\System32\USER32.dll
0x00007ff830f00000 - 0x00007ff830f21000 	C:\WINDOWS\System32\win32u.dll
0x00007ff832d40000 - 0x00007ff832d66000 	C:\WINDOWS\System32\GDI32.dll
0x00007ff8302f0000 - 0x00007ff830486000 	C:\WINDOWS\System32\gdi32full.dll
0x00007ff8300b0000 - 0x00007ff83014e000 	C:\WINDOWS\System32\msvcp_win.dll
0x00007ff830da0000 - 0x00007ff830e9a000 	C:\WINDOWS\System32\ucrtbase.dll
0x00007ff82f1c0000 - 0x00007ff82f444000 	C:\WINDOWS\WinSxS\amd64_microsoft.windows.common-controls_6595b64144ccf1df_6.0.18362.1198_none_9e820b57e45ad92f\COMCTL32.dll
0x00007ff831330000 - 0x00007ff831665000 	C:\WINDOWS\System32\combase.dll
0x00007ff830c70000 - 0x00007ff830cf0000 	C:\WINDOWS\System32\bcryptPrimitives.dll
0x00007ff831ca0000 - 0x00007ff831cce000 	C:\WINDOWS\System32\IMM32.DLL
0x0000000054700000 - 0x00000000547d2000 	C:\Program Files\Android\Android Studio\jre\jre\bin\msvcr100.dll
0x00000000547e0000 - 0x000000005502b000 	C:\Program Files\Android\Android Studio\jre\jre\bin\server\jvm.dll
0x00007ff831b30000 - 0x00007ff831b38000 	C:\WINDOWS\System32\PSAPI.DLL
0x00007ff82d330000 - 0x00007ff82d339000 	C:\WINDOWS\SYSTEM32\WSOCK32.dll
0x00007ff831800000 - 0x00007ff83186f000 	C:\WINDOWS\System32\WS2_32.dll
0x00007ff82d240000 - 0x00007ff82d264000 	C:\WINDOWS\SYSTEM32\WINMM.dll
0x00007ff828670000 - 0x00007ff82867a000 	C:\WINDOWS\SYSTEM32\VERSION.dll
0x00007ff82d110000 - 0x00007ff82d13d000 	C:\WINDOWS\SYSTEM32\WINMMBASE.dll
0x00007ff830c20000 - 0x00007ff830c6a000 	C:\WINDOWS\System32\cfgmgr32.dll
0x00007ff82d320000 - 0x00007ff82d32f000 	C:\Program Files\Android\Android Studio\jre\jre\bin\verify.dll
0x00007ff82d2f0000 - 0x00007ff82d319000 	C:\Program Files\Android\Android Studio\jre\jre\bin\java.dll
0x00007ff82d2d0000 - 0x00007ff82d2e6000 	C:\Program Files\Android\Android Studio\jre\jre\bin\zip.dll
0x00007ff8325f0000 - 0x00007ff832cd7000 	C:\WINDOWS\System32\SHELL32.dll
0x00007ff830fb0000 - 0x00007ff831059000 	C:\WINDOWS\System32\shcore.dll
0x00007ff830490000 - 0x00007ff830c11000 	C:\WINDOWS\System32\windows.storage.dll
0x00007ff82fd60000 - 0x00007ff82fd83000 	C:\WINDOWS\System32\profapi.dll
0x00007ff82fdb0000 - 0x00007ff82fdfa000 	C:\WINDOWS\System32\powrprof.dll
0x00007ff82fd30000 - 0x00007ff82fd40000 	C:\WINDOWS\System32\UMPDC.dll
0x00007ff832ce0000 - 0x00007ff832d32000 	C:\WINDOWS\System32\shlwapi.dll
0x00007ff82fd90000 - 0x00007ff82fda1000 	C:\WINDOWS\System32\kernel.appcore.dll
0x00007ff8302d0000 - 0x00007ff8302e7000 	C:\WINDOWS\System32\cryptsp.dll
0x00007ff82d2b0000 - 0x00007ff82d2ca000 	C:\Program Files\Android\Android Studio\jre\jre\bin\net.dll
0x00007ff82eea0000 - 0x00007ff82ef07000 	C:\WINDOWS\system32\mswsock.dll
0x00007ff81a530000 - 0x00007ff81a543000 	C:\Program Files\Android\Android Studio\jre\jre\bin\nio.dll
0x00007ff8235a0000 - 0x00007ff8235c6000 	C:\Users\ankita\.gradle\native\30\windows-amd64\native-platform.dll
0x00007ff82d2a0000 - 0x00007ff82d2ad000 	C:\Program Files\Android\Android Studio\jre\jre\bin\management.dll
0x00007ff82ea10000 - 0x00007ff82ea43000 	C:\WINDOWS\system32\rsaenh.dll
0x00007ff8302a0000 - 0x00007ff8302c6000 	C:\WINDOWS\System32\bcrypt.dll
0x00007ff82fc50000 - 0x00007ff82fc75000 	C:\WINDOWS\SYSTEM32\USERENV.dll
0x00007ff82f090000 - 0x00007ff82f09c000 	C:\WINDOWS\SYSTEM32\CRYPTBASE.dll
0x00007ff82ebb0000 - 0x00007ff82ebea000 	C:\WINDOWS\SYSTEM32\IPHLPAPI.DLL
0x00007ff831170000 - 0x00007ff831178000 	C:\WINDOWS\System32\NSI.dll
0x00007ff823730000 - 0x00007ff823746000 	C:\WINDOWS\SYSTEM32\dhcpcsvc6.DLL
0x00007ff823710000 - 0x00007ff82372c000 	C:\WINDOWS\SYSTEM32\dhcpcsvc.DLL
0x00007ff82ebf0000 - 0x00007ff82ecbb000 	C:\WINDOWS\SYSTEM32\DNSAPI.dll
0x00007ff8153f0000 - 0x00007ff815414000 	C:\Program Files\Android\Android Studio\jre\jre\bin\sunec.dll
0x00007ff822a70000 - 0x00007ff822a7a000 	C:\Windows\System32\rasadhlp.dll
0x00007ff823900000 - 0x00007ff823977000 	C:\WINDOWS\System32\fwpuclnt.dll
0x00007ff82de20000 - 0x00007ff82de2b000 	C:\Program Files\Android\Android Studio\jre\jre\bin\sunmscapi.dll
0x00007ff830150000 - 0x00007ff830299000 	C:\WINDOWS\System32\CRYPT32.dll
0x00007ff82fd40000 - 0x00007ff82fd52000 	C:\WINDOWS\System32\MSASN1.dll
0x00007ff82f720000 - 0x00007ff82f914000 	C:\WINDOWS\SYSTEM32\dbghelp.dll

VM Arguments:
jvm_args: -Xmx1536M -Dfile.encoding=windows-1252 -Duser.country=US -Duser.language=en -Duser.variant 
java_command: org.gradle.launcher.daemon.bootstrap.GradleDaemon 5.6.2
java_class_path (initial): C:\Users\ankita\.gradle\wrapper\dists\gradle-5.6.2-all\9st6wgf78h16so49nn74lgtbb\gradle-5.6.2\lib\gradle-launcher-5.6.2.jar
Launcher Type: SUN_STANDARD

Environment Variables:
JAVA_HOME=C:\Program Files\Android\Android Studio\jre
CLASSPATH=D:\Radhen\shinewash\android\\gradle\wrapper\gradle-wrapper.jar
PATH=C:\Program Files (x86)\Common Files\Oracle\Java\javapath;C:\Windows\System32;C:\src\flutter\bin;C:\Program Files\Git\cmd;C:\WINDOWS\system32;C:\WINDOWS;C:\WINDOWS\System32\Wbem;C:\WINDOWS\System32\WindowsPowerShell\v1.0\;C:\WINDOWS\System32\OpenSSH\;C:\ProgramData\chocolatey\bin;;C:\Program Files\Microsoft VS Code\bin;C:\Program Files\Microsoft VS Code\bin;C:\Users\ankita\AppData\Local\Microsoft\WindowsApps;C:\Users\ankita\AppData\Roaming\npm;C:\Users\ankita\AppData\Local\atom\bin;C:\src\flutter\bin;C:\WINDOWS\System32\WindowsPowerShell\v1.0\;;C:\Users\ankita\AppData\Local\Microsoft\WindowsApps;C:\tools\dart-sdk\bin;C:\Users\ankita\AppData\Roaming\Pub\Cache\bin;
USERNAME=ankita
OS=Windows_NT
PROCESSOR_IDENTIFIER=Intel64 Family 6 Model 58 Stepping 9, GenuineIntel



---------------  S Y S T E M  ---------------

OS: Windows 10.0 , 64 bit Build 18362 (10.0.18362.1110)

CPU:total 4 (initial active 4) (2 cores per cpu, 2 threads per core) family 6 model 58 stepping 9, cmov, cx8, fxsr, mmx, sse, sse2, sse3, ssse3, sse4.1, sse4.2, popcnt, avx, aes, clmul, erms, ht, tsc, tscinvbit, tscinv

Memory: 4k page, physical 8189920k(1357300k free), swap 16379840k(8570652k free)

vm_info: OpenJDK 64-Bit Server VM (25.242-b01) for windows-amd64 JRE (1.8.0_242-release-1644-b01), built by "builder" with MS VC++ 10.0 (VS2010)

time: Fri Dec 04 15:27:57 2020
timezone: India Standard Time
elapsed time: 79 seconds (0d 0h 1m 19s)

