#
# There is insufficient memory for the Java Runtime Environment to continue.
# Native memory allocation (malloc) failed to allocate 1067536 bytes for Chunk::new
# Possible reasons:
#   The system is out of physical RAM or swap space
#   The process is running with CompressedOops enabled, and the Java Heap may be blocking the growth of the native heap
# Possible solutions:
#   Reduce memory load on the system
#   Increase physical memory or swap space
#   Check if swap backing store is full
#   Decrease Java heap size (-Xmx/-Xms)
#   Decrease number of Java threads
#   Decrease Java thread stack sizes (-Xss)
#   Set larger code cache with -XX:ReservedCodeCacheSize=
#   JVM is running with Unscaled Compressed Oops mode in which the Java heap is
#     placed in the first 4GB address space. The Java Heap base address is the
#     maximum limit for the native heap growth. Please use -XX:HeapBaseMinAddress
#     to set the Java Heap base and to place the Java Heap above 4GB virtual address.
# This output file may be truncated or incomplete.
#
#  Out of Memory Error (allocation.cpp:389), pid=11540, tid=0x000000000000127c
#
# JRE version: OpenJDK Runtime Environment (8.0_242-b01) (build 1.8.0_242-release-1644-b01)
# Java VM: OpenJDK 64-Bit Server VM (25.242-b01 mixed mode windows-amd64 compressed oops)
# Failed to write core dump. Minidumps are not enabled by default on client versions of Windows
#

---------------  T H R E A D  ---------------

Current thread (0x0000000015e95800):  JavaThread "C2 CompilerThread1" daemon [_thread_in_native, id=4732, stack(0x00000000175e0000,0x00000000176e0000)]

Stack: [0x00000000175e0000,0x00000000176e0000]
[error occurred during error reporting (printing stack bounds), id 0xc0000005]

Native frames: (J=compiled Java code, j=interpreted, Vv=VM code, C=native code)


Current CompileTask:
C2: 165618 22395       4       com.android.tools.r8.dex.DexParser::a (1971 bytes)


---------------  P R O C E S S  ---------------

Java Threads: ( => current thread )
  0x0000000019903800 JavaThread "ForkJoinPool.commonPool-worker-3" daemon [_thread_blocked, id=9556, stack(0x000000002a4b0000,0x000000002a5b0000)]
  0x00000000198fb000 JavaThread "ForkJoinPool.commonPool-worker-2" daemon [_thread_blocked, id=1800, stack(0x0000000029fb0000,0x000000002a0b0000)]
  0x0000000019901800 JavaThread "ForkJoinPool.commonPool-worker-1" daemon [_thread_blocked, id=2280, stack(0x0000000025f10000,0x0000000026010000)]
  0x0000000019903000 JavaThread "RMI TCP Connection(5)-127.0.0.1" daemon [_thread_in_native, id=8324, stack(0x000000002a3b0000,0x000000002a4b0000)]
  0x0000000019902000 JavaThread "RMI TCP Connection(3)-127.0.0.1" daemon [_thread_in_native, id=5368, stack(0x00000000288e0000,0x00000000289e0000)]
  0x0000000019900000 JavaThread "RMI TCP Connection(2)-127.0.0.1" daemon [_thread_in_native, id=11884, stack(0x000000002a0b0000,0x000000002a1b0000)]
  0x00000000198fd800 JavaThread "RMI TCP Connection(4)-127.0.0.1" daemon [_thread_in_native, id=5920, stack(0x0000000028ee0000,0x0000000028fe0000)]
  0x00000000198ff000 JavaThread "RMI Reaper" [_thread_blocked, id=8688, stack(0x0000000028be0000,0x0000000028ce0000)]
  0x0000000024c8e000 JavaThread "RMI TCP Accept-0" daemon [_thread_in_native, id=12772, stack(0x0000000028ae0000,0x0000000028be0000)]
  0x000000001a619000 JavaThread "GC Daemon" daemon [_thread_blocked, id=11144, stack(0x00000000289e0000,0x0000000028ae0000)]
  0x000000001cd15000 JavaThread "RMI Scheduler(0)" daemon [_thread_blocked, id=7792, stack(0x00000000287e0000,0x00000000288e0000)]
  0x000000001cd17000 JavaThread "Cache worker for Java compile cache (D:\Radhen\shinewash\android\.gradle\5.6.2\javaCompile)" [_thread_blocked, id=14748, stack(0x0000000027ee0000,0x0000000027fe0000)]
  0x000000001cd15800 JavaThread "Cache worker for Java compile cache (C:\Users\ankita\.gradle\caches\5.6.2\javaCompile)" [_thread_blocked, id=3276, stack(0x0000000027de0000,0x0000000027ee0000)]
  0x000000001cd16800 JavaThread "stdout" [_thread_in_native, id=972, stack(0x0000000027ae0000,0x0000000027be0000)]
  0x000000001cd0b000 JavaThread "stderr" [_thread_in_native, id=10108, stack(0x00000000279e0000,0x0000000027ae0000)]
  0x000000001cd12000 JavaThread "stdout" [_thread_in_native, id=11872, stack(0x00000000278e0000,0x00000000279e0000)]
  0x000000001cd0a800 JavaThread "stderr" [_thread_in_native, id=1216, stack(0x00000000277e0000,0x00000000278e0000)]
  0x000000001cd0f800 JavaThread "stdout" [_thread_in_native, id=4908, stack(0x00000000276e0000,0x00000000277e0000)]
  0x000000001cd11000 JavaThread "stderr" [_thread_in_native, id=1568, stack(0x00000000275e0000,0x00000000276e0000)]
  0x000000001cd0f000 JavaThread "stdout" [_thread_in_native, id=13672, stack(0x00000000274e0000,0x00000000275e0000)]
  0x000000001cd10800 JavaThread "stderr" [_thread_in_native, id=11140, stack(0x00000000273e0000,0x00000000274e0000)]
  0x000000001cd0e000 JavaThread "pool-2-thread-1" [_thread_blocked, id=4300, stack(0x0000000025d10000,0x0000000025e10000)]
  0x000000001cd0c800 JavaThread "WorkerExecutor Queue Thread 5" [_thread_blocked, id=12112, stack(0x0000000026010000,0x0000000026110000)]
  0x000000001cd09800 JavaThread "WorkerExecutor Queue Thread 4" [_thread_in_Java, id=7696, stack(0x0000000025e10000,0x0000000025f10000)]
  0x000000001cd08000 JavaThread "WorkerExecutor Queue Thread 2" [_thread_blocked, id=12272, stack(0x0000000025c10000,0x0000000025d10000)]
  0x0000000024c8f000 JavaThread "WorkerExecutor Queue" [_thread_in_native, id=11008, stack(0x0000000025b10000,0x0000000025c10000)]
  0x0000000024c92000 JavaThread "Exec process Thread 3" [_thread_blocked, id=3172, stack(0x0000000025810000,0x0000000025910000)]
  0x0000000024c92800 JavaThread "Exec process Thread 2" [_thread_blocked, id=11356, stack(0x0000000025610000,0x0000000025710000)]
  0x0000000024c8d800 JavaThread "Exec process" [_thread_blocked, id=13232, stack(0x0000000025510000,0x0000000025610000)]
  0x0000000024c8c800 JavaThread "Cache worker for execution history cache (D:\Radhen\shinewash\android\.gradle\5.6.2\executionHistory)" [_thread_blocked, id=12648, stack(0x00000000251b0000,0x00000000252b0000)]
  0x0000000024c90800 JavaThread "Execution worker for ':' Thread 3" [_thread_in_Java, id=10080, stack(0x0000000025710000,0x0000000025810000)]
  0x0000000024c91000 JavaThread "Execution worker for ':' Thread 2" [_thread_in_native, id=7184, stack(0x00000000006e0000,0x00000000007e0000)]
  0x0000000019502800 JavaThread "Execution worker for ':'" [_thread_blocked, id=6172, stack(0x00000000004d0000,0x00000000005d0000)]
  0x000000001a618800 JavaThread "Cache worker for file content cache (D:\Radhen\shinewash\android\.gradle\5.6.2\fileContent)" [_thread_blocked, id=2412, stack(0x0000000023ee0000,0x0000000023fe0000)]
  0x000000001a617800 JavaThread "Cache worker for file content cache (C:\Users\ankita\.gradle\caches\5.6.2\fileContent)" [_thread_blocked, id=14352, stack(0x0000000023de0000,0x0000000023ee0000)]
  0x000000001a614000 JavaThread "Memory manager" [_thread_blocked, id=8304, stack(0x00000000233f0000,0x00000000234f0000)]
  0x000000001a612800 JavaThread "Cache worker for Build Output Cleanup Cache (D:\Radhen\shinewash\android\.gradle\buildOutputCleanup)" [_thread_blocked, id=11288, stack(0x0000000021db0000,0x0000000021eb0000)]
  0x000000001a60a800 JavaThread "Build operations Thread 4" [_thread_blocked, id=5376, stack(0x0000000021490000,0x0000000021590000)]
  0x000000001a60b800 JavaThread "Build operations Thread 3" [_thread_blocked, id=13676, stack(0x0000000021390000,0x0000000021490000)]
  0x000000001a60d000 JavaThread "Build operations Thread 2" [_thread_blocked, id=6800, stack(0x00000000200b0000,0x00000000201b0000)]
  0x000000001a60f000 JavaThread "Build operations" [_thread_blocked, id=880, stack(0x000000001ffb0000,0x00000000200b0000)]
  0x000000001a610800 JavaThread "Cache worker for execution history cache (C:\Users\ankita\.gradle\caches\5.6.2\executionHistory)" [_thread_blocked, id=9824, stack(0x000000001feb0000,0x000000001ffb0000)]
  0x000000001a60e800 JavaThread "Cache worker for cache directory md-rule (C:\Users\ankita\.gradle\caches\5.6.2\md-rule)" [_thread_blocked, id=3076, stack(0x000000001f520000,0x000000001f620000)]
  0x000000001a611800 JavaThread "Cache worker for cache directory md-supplier (C:\Users\ankita\.gradle\caches\5.6.2\md-supplier)" [_thread_blocked, id=4328, stack(0x000000001e160000,0x000000001e260000)]
  0x0000000019508800 JavaThread "Cache worker for file hash cache (D:\Radhen\shinewash\android\.gradle\5.6.2\fileHashes)" [_thread_blocked, id=10788, stack(0x000000001d050000,0x000000001d150000)]
  0x0000000019506000 JavaThread "Cache worker for journal cache (C:\Users\ankita\.gradle\caches\journal-1)" [_thread_blocked, id=7800, stack(0x000000001ba00000,0x000000001bb00000)]
  0x0000000019504000 JavaThread "File lock request listener" [_thread_in_native, id=10724, stack(0x000000001b900000,0x000000001ba00000)]
  0x0000000019505800 JavaThread "Cache worker for file hash cache (C:\Users\ankita\.gradle\caches\5.6.2\fileHashes)" [_thread_blocked, id=10460, stack(0x000000001b800000,0x000000001b900000)]
  0x00000000197b3800 JavaThread "Thread-9" [_thread_blocked, id=14400, stack(0x000000001b700000,0x000000001b800000)]
  0x000000001979f000 JavaThread "Stdin handler" [_thread_blocked, id=14620, stack(0x000000001b600000,0x000000001b700000)]
  0x000000001979e800 JavaThread "Asynchronous log dispatcher for DefaultDaemonConnection: socket connection from /127.0.0.1:59338 to /127.0.0.1:59339" [_thread_blocked, id=12160, stack(0x000000001b500000,0x000000001b600000)]
  0x000000001979d000 JavaThread "Daemon worker" [_thread_blocked, id=13224, stack(0x000000001b400000,0x000000001b500000)]
  0x00000000197c1800 JavaThread "Cancel handler" [_thread_blocked, id=6768, stack(0x000000001b300000,0x000000001b400000)]
  0x0000000019796000 JavaThread "Handler for socket connection from /127.0.0.1:59338 to /127.0.0.1:59339" [_thread_in_native, id=4004, stack(0x000000001b000000,0x000000001b100000)]
  0x0000000019791800 JavaThread "Daemon" [_thread_blocked, id=3812, stack(0x000000001af00000,0x000000001b000000)]
  0x0000000019717800 JavaThread "Daemon periodic checks" [_thread_blocked, id=11688, stack(0x000000001ae00000,0x000000001af00000)]
  0x0000000019712000 JavaThread "Incoming local TCP Connector on port 59338" [_thread_in_native, id=6256, stack(0x000000001abc0000,0x000000001acc0000)]
  0x000000001959c800 JavaThread "Daemon health stats" [_thread_blocked, id=4808, stack(0x00000000195b0000,0x00000000196b0000)]
  0x0000000017810800 JavaThread "Service Thread" daemon [_thread_blocked, id=11996, stack(0x0000000017be0000,0x0000000017ce0000)]
  0x0000000015e99800 JavaThread "C1 CompilerThread2" daemon [_thread_blocked, id=3584, stack(0x00000000176e0000,0x00000000177e0000)]
=>0x0000000015e95800 JavaThread "C2 CompilerThread1" daemon [_thread_in_native, id=4732, stack(0x00000000175e0000,0x00000000176e0000)]
  0x0000000015e87000 JavaThread "C2 CompilerThread0" daemon [_thread_in_native, id=4692, stack(0x00000000174e0000,0x00000000175e0000)]
  0x0000000015e84800 JavaThread "Attach Listener" daemon [_thread_blocked, id=2032, stack(0x00000000173e0000,0x00000000174e0000)]
  0x0000000015e83800 JavaThread "Signal Dispatcher" daemon [_thread_blocked, id=6608, stack(0x00000000172e0000,0x00000000173e0000)]
  0x000000000250b800 JavaThread "Finalizer" daemon [_thread_blocked, id=12960, stack(0x00000000170e0000,0x00000000171e0000)]
  0x0000000015e69000 JavaThread "Reference Handler" daemon [_thread_blocked, id=5768, stack(0x0000000016fe0000,0x00000000170e0000)]
  0x000000000221e800 JavaThread "main" [_thread_blocked, id=14928, stack(0x0000000002310000,0x0000000002410000)]

Other Threads:
  0x0000000015e48000 VMThread [stack: 0x0000000016ee0000,0x0000000016fe0000] [id=12340]
  0x0000000015ede000 WatcherThread [stack: 0x0000000017ce0000,0x0000000017de0000] [id=1776]

VM state:not at safepoint (normal execution)

VM Mutex/Monitor currently owned by a thread: None

heap address: 0x00000000a0000000, size: 1536 MB, Compressed Oops mode: 32-bit
Narrow klass base: 0x0000000000000000, Narrow klass shift: 3
Compressed class space size: 1073741824 Address: 0x0000000100000000

Heap:
 PSYoungGen      total 399872K, used 254151K [0x00000000e0000000, 0x00000000feb80000, 0x0000000100000000)
  eden space 345088K, 64% used [0x00000000e0000000,0x00000000eda2bea8,0x00000000f5100000)
  from space 54784K, 56% used [0x00000000f5100000,0x00000000f6f05da8,0x00000000f8680000)
  to   space 54784K, 0% used [0x00000000fb600000,0x00000000fb600000,0x00000000feb80000)
 ParOldGen       total 288768K, used 168869K [0x00000000a0000000, 0x00000000b1a00000, 0x00000000e0000000)
  object space 288768K, 58% used [0x00000000a0000000,0x00000000aa4e9430,0x00000000b1a00000)
 Metaspace       used 96488K, capacity 102954K, committed 103384K, reserved 1140736K
  class space    used 12713K, capacity 14222K, committed 14336K, reserved 1048576K

Card table byte_map: [0x00000000118d0000,0x0000000011be0000] byte_map_base: 0x00000000113d0000

Marking Bits: (ParMarkBitMap*) 0x000000005cf5f030
 Begin Bits: [0x00000000121e0000, 0x00000000139e0000)
 End Bits:   [0x00000000139e0000, 0x00000000151e0000)

Polling page: 0x00000000005d0000

CodeCache: size=245760Kb used=61953Kb max_used=62696Kb free=183806Kb
 bounds [0x0000000002510000, 0x00000000062a0000, 0x0000000011510000]
 total_blobs=18855 nmethods=17912 adapters=855
 compilation: enabled

Compilation events (10 events):
Event: 165.497 Thread 0x0000000015e99800 22417       3       java.lang.invoke.MethodHandles::makeIdentity (23 bytes)
Event: 165.498 Thread 0x0000000015e99800 nmethod 22417 0x000000000586d290 code [0x000000000586d4c0, 0x000000000586e158]
Event: 165.498 Thread 0x0000000015e99800 22418       3       java.lang.invoke.LambdaForm::identityForm (9 bytes)
Event: 165.499 Thread 0x0000000015e99800 nmethod 22418 0x0000000005e75d10 code [0x0000000005e75e80, 0x0000000005e76070]
Event: 165.547 Thread 0x0000000015e99800 22421       3       com.android.tools.r8.graph.DexItemFactory::createProto (116 bytes)
Event: 165.549 Thread 0x0000000015e99800 nmethod 22421 0x0000000005d3a650 code [0x0000000005d3a920, 0x0000000005d3bd18]
Event: 165.598 Thread 0x0000000015e87000 nmethod 22413 0x00000000057e1610 code [0x00000000057e18e0, 0x00000000057e3e08]
Event: 165.598 Thread 0x0000000015e87000 22423   !   4       sun.nio.ch.IOUtil::read (93 bytes)
Event: 165.599 Thread 0x0000000015e99800 22424       3       com.android.tools.r8.t.a.a.f::c (52 bytes)
Event: 165.600 Thread 0x0000000015e99800 nmethod 22424 0x0000000005e75850 code [0x0000000005e759c0, 0x0000000005e75bd0]

GC Heap History (10 events):
Event: 118.029 GC heap before
{Heap before GC invocations=21 (full 4):
 PSYoungGen      total 299520K, used 36839K [0x00000000e0000000, 0x00000000f8300000, 0x0000000100000000)
  eden space 262656K, 0% used [0x00000000e0000000,0x00000000e0000000,0x00000000f0080000)
  from space 36864K, 99% used [0x00000000f0080000,0x00000000f2479d48,0x00000000f2480000)
  to   space 45056K, 0% used [0x00000000f5700000,0x00000000f5700000,0x00000000f8300000)
 ParOldGen       total 141824K, used 120507K [0x00000000a0000000, 0x00000000a8a80000, 0x00000000e0000000)
  object space 141824K, 84% used [0x00000000a0000000,0x00000000a75aed20,0x00000000a8a80000)
 Metaspace       used 76060K, capacity 81726K, committed 82008K, reserved 1120256K
  class space    used 10252K, capacity 11610K, committed 11648K, reserved 1048576K
Event: 118.988 GC heap after
Heap after GC invocations=21 (full 4):
 PSYoungGen      total 299520K, used 3553K [0x00000000e0000000, 0x00000000f8300000, 0x0000000100000000)
  eden space 262656K, 0% used [0x00000000e0000000,0x00000000e0000000,0x00000000f0080000)
  from space 36864K, 9% used [0x00000000f0080000,0x00000000f03f8448,0x00000000f2480000)
  to   space 45056K, 0% used [0x00000000f5700000,0x00000000f5700000,0x00000000f8300000)
 ParOldGen       total 288768K, used 141375K [0x00000000a0000000, 0x00000000b1a00000, 0x00000000e0000000)
  object space 288768K, 48% used [0x00000000a0000000,0x00000000a8a0fd38,0x00000000b1a00000)
 Metaspace       used 76000K, capacity 81550K, committed 82008K, reserved 1120256K
  class space    used 10232K, capacity 11576K, committed 11648K, reserved 1048576K
}
Event: 125.641 GC heap before
{Heap before GC invocations=22 (full 4):
 PSYoungGen      total 299520K, used 266209K [0x00000000e0000000, 0x00000000f8300000, 0x0000000100000000)
  eden space 262656K, 100% used [0x00000000e0000000,0x00000000f0080000,0x00000000f0080000)
  from space 36864K, 9% used [0x00000000f0080000,0x00000000f03f8448,0x00000000f2480000)
  to   space 45056K, 0% used [0x00000000f5700000,0x00000000f5700000,0x00000000f8300000)
 ParOldGen       total 288768K, used 141375K [0x00000000a0000000, 0x00000000b1a00000, 0x00000000e0000000)
  object space 288768K, 48% used [0x00000000a0000000,0x00000000a8a0fd38,0x00000000b1a00000)
 Metaspace       used 78132K, capacity 83924K, committed 84056K, reserved 1122304K
  class space    used 10452K, capacity 11827K, committed 11904K, reserved 1048576K
Event: 125.723 GC heap after
Heap after GC invocations=22 (full 4):
 PSYoungGen      total 351744K, used 11354K [0x00000000e0000000, 0x00000000f8200000, 0x0000000100000000)
  eden space 307712K, 0% used [0x00000000e0000000,0x00000000e0000000,0x00000000f2c80000)
  from space 44032K, 25% used [0x00000000f5700000,0x00000000f6216a28,0x00000000f8200000)
  to   space 43520K, 0% used [0x00000000f2c80000,0x00000000f2c80000,0x00000000f5700000)
 ParOldGen       total 288768K, used 144963K [0x00000000a0000000, 0x00000000b1a00000, 0x00000000e0000000)
  object space 288768K, 50% used [0x00000000a0000000,0x00000000a8d90f70,0x00000000b1a00000)
 Metaspace       used 78132K, capacity 83924K, committed 84056K, reserved 1122304K
  class space    used 10452K, capacity 11827K, committed 11904K, reserved 1048576K
}
Event: 133.844 GC heap before
{Heap before GC invocations=23 (full 4):
 PSYoungGen      total 351744K, used 319066K [0x00000000e0000000, 0x00000000f8200000, 0x0000000100000000)
  eden space 307712K, 100% used [0x00000000e0000000,0x00000000f2c80000,0x00000000f2c80000)
  from space 44032K, 25% used [0x00000000f5700000,0x00000000f6216a28,0x00000000f8200000)
  to   space 43520K, 0% used [0x00000000f2c80000,0x00000000f2c80000,0x00000000f5700000)
 ParOldGen       total 288768K, used 144963K [0x00000000a0000000, 0x00000000b1a00000, 0x00000000e0000000)
  object space 288768K, 50% used [0x00000000a0000000,0x00000000a8d90f70,0x00000000b1a00000)
 Metaspace       used 86270K, capacity 92108K, committed 92120K, reserved 1128448K
  class space    used 11411K, capacity 12793K, committed 12800K, reserved 1048576K
Event: 133.880 GC heap after
Heap after GC invocations=23 (full 4):
 PSYoungGen      total 351232K, used 25575K [0x00000000e0000000, 0x00000000fb180000, 0x0000000100000000)
  eden space 307712K, 0% used [0x00000000e0000000,0x00000000e0000000,0x00000000f2c80000)
  from space 43520K, 58% used [0x00000000f2c80000,0x00000000f4579dc0,0x00000000f5700000)
  to   space 44032K, 0% used [0x00000000f8680000,0x00000000f8680000,0x00000000fb180000)
 ParOldGen       total 288768K, used 144979K [0x00000000a0000000, 0x00000000b1a00000, 0x00000000e0000000)
  object space 288768K, 50% used [0x00000000a0000000,0x00000000a8d94f70,0x00000000b1a00000)
 Metaspace       used 86270K, capacity 92108K, committed 92120K, reserved 1128448K
  class space    used 11411K, capacity 12793K, committed 12800K, reserved 1048576K
}
Event: 151.362 GC heap before
{Heap before GC invocations=24 (full 4):
 PSYoungGen      total 351232K, used 333287K [0x00000000e0000000, 0x00000000fb180000, 0x0000000100000000)
  eden space 307712K, 100% used [0x00000000e0000000,0x00000000f2c80000,0x00000000f2c80000)
  from space 43520K, 58% used [0x00000000f2c80000,0x00000000f4579dc0,0x00000000f5700000)
  to   space 44032K, 0% used [0x00000000f8680000,0x00000000f8680000,0x00000000fb180000)
 ParOldGen       total 288768K, used 144979K [0x00000000a0000000, 0x00000000b1a00000, 0x00000000e0000000)
  object space 288768K, 50% used [0x00000000a0000000,0x00000000a8d94f70,0x00000000b1a00000)
 Metaspace       used 91032K, capacity 97118K, committed 97368K, reserved 1132544K
  class space    used 11981K, capacity 13424K, committed 13440K, reserved 1048576K
Event: 151.494 GC heap after
Heap after GC invocations=24 (full 4):
 PSYoungGen      total 389120K, used 44011K [0x00000000e0000000, 0x00000000fc400000, 0x0000000100000000)
  eden space 345088K, 0% used [0x00000000e0000000,0x00000000e0000000,0x00000000f5100000)
  from space 44032K, 99% used [0x00000000f8680000,0x00000000fb17afb8,0x00000000fb180000)
  to   space 54784K, 0% used [0x00000000f5100000,0x00000000f5100000,0x00000000f8680000)
 ParOldGen       total 288768K, used 155929K [0x00000000a0000000, 0x00000000b1a00000, 0x00000000e0000000)
  object space 288768K, 53% used [0x00000000a0000000,0x00000000a9846488,0x00000000b1a00000)
 Metaspace       used 91032K, capacity 97118K, committed 97368K, reserved 1132544K
  class space    used 11981K, capacity 13424K, committed 13440K, reserved 1048576K
}
Event: 163.281 GC heap before
{Heap before GC invocations=25 (full 4):
 PSYoungGen      total 389120K, used 389099K [0x00000000e0000000, 0x00000000fc400000, 0x0000000100000000)
  eden space 345088K, 100% used [0x00000000e0000000,0x00000000f5100000,0x00000000f5100000)
  from space 44032K, 99% used [0x00000000f8680000,0x00000000fb17afb8,0x00000000fb180000)
  to   space 54784K, 0% used [0x00000000f5100000,0x00000000f5100000,0x00000000f8680000)
 ParOldGen       total 288768K, used 155929K [0x00000000a0000000, 0x00000000b1a00000, 0x00000000e0000000)
  object space 288768K, 53% used [0x00000000a0000000,0x00000000a9846488,0x00000000b1a00000)
 Metaspace       used 92644K, capacity 98960K, committed 99160K, reserved 1134592K
  class space    used 12169K, capacity 13623K, committed 13696K, reserved 1048576K
Event: 163.364 GC heap after
Heap after GC invocations=25 (full 4):
 PSYoungGen      total 399872K, used 30743K [0x00000000e0000000, 0x00000000feb80000, 0x0000000100000000)
  eden space 345088K, 0% used [0x00000000e0000000,0x00000000e0000000,0x00000000f5100000)
  from space 54784K, 56% used [0x00000000f5100000,0x00000000f6f05da8,0x00000000f8680000)
  to   space 54784K, 0% used [0x00000000fb600000,0x00000000fb600000,0x00000000feb80000)
 ParOldGen       total 288768K, used 168869K [0x00000000a0000000, 0x00000000b1a00000, 0x00000000e0000000)
  object space 288768K, 58% used [0x00000000a0000000,0x00000000aa4e9430,0x00000000b1a00000)
 Metaspace       used 92644K, capacity 98960K, committed 99160K, reserved 1134592K
  class space    used 12169K, capacity 13623K, committed 13696K, reserved 1048576K
}

Deoptimization events (10 events):
Event: 164.634 Thread 0x0000000024c91000 Uncommon trap: reason=bimorphic action=maybe_recompile pc=0x0000000003124930 method=java.util.function.Predicate.lambda$and$0(Ljava/util/function/Predicate;Ljava/lang/Object;)Z @ 2
Event: 164.634 Thread 0x0000000024c91000 Uncommon trap: reason=bimorphic action=maybe_recompile pc=0x0000000003124930 method=java.util.function.Predicate.lambda$and$0(Ljava/util/function/Predicate;Ljava/lang/Object;)Z @ 2
Event: 164.806 Thread 0x000000001cd09800 Uncommon trap: reason=unstable_if action=reinterpret pc=0x000000000620d954 method=java.nio.Bits.copyToArray(JLjava/lang/Object;JJJ)V @ 19
Event: 164.875 Thread 0x0000000024c91000 Uncommon trap: reason=unstable_if action=reinterpret pc=0x0000000003eafc9c method=java.nio.Bits.putInt(Ljava/nio/ByteBuffer;IIZ)V @ 1
Event: 165.023 Thread 0x0000000024c8f000 Uncommon trap: reason=bimorphic action=maybe_recompile pc=0x00000000061d97c0 method=com.google.common.base.Objects.equal(Ljava/lang/Object;Ljava/lang/Object;)Z @ 11
Event: 165.023 Thread 0x0000000024c8f000 Uncommon trap: reason=bimorphic action=maybe_recompile pc=0x00000000061d97c0 method=com.google.common.base.Objects.equal(Ljava/lang/Object;Ljava/lang/Object;)Z @ 11
Event: 165.023 Thread 0x0000000024c8f000 Uncommon trap: reason=bimorphic action=maybe_recompile pc=0x00000000061d97c0 method=com.google.common.base.Objects.equal(Ljava/lang/Object;Ljava/lang/Object;)Z @ 11
Event: 165.023 Thread 0x0000000024c8f000 Uncommon trap: reason=bimorphic action=maybe_recompile pc=0x00000000061d97c0 method=com.google.common.base.Objects.equal(Ljava/lang/Object;Ljava/lang/Object;)Z @ 11
Event: 165.170 Thread 0x000000001cd09800 Uncommon trap: reason=unstable_if action=reinterpret pc=0x0000000005d57888 method=com.android.tools.r8.dex.DexParser.g(I)Lcom/android/tools/r8/dex/DexSection; @ 12
Event: 165.245 Thread 0x000000001cd09800 Uncommon trap: reason=unstable_if action=reinterpret pc=0x000000000558f13c method=com.android.tools.r8.dex.DexParser.a()V @ 22

Classes redefined (0 events):
No events

Internal exceptions (10 events):
Event: 164.177 Thread 0x000000001cd09800 Exception <a 'sun/nio/fs/WindowsException'> (0x00000000e2a35010) thrown at [C:\src\AOSP-openjdk-git\hotspot\src\share\vm\prims\jni.cpp, line 710]
Event: 164.178 Thread 0x000000001cd09800 Exception <a 'sun/nio/fs/WindowsException'> (0x00000000e2a38998) thrown at [C:\src\AOSP-openjdk-git\hotspot\src\share\vm\prims\jni.cpp, line 710]
Event: 164.225 Thread 0x000000001cd08000 Exception <a 'sun/nio/fs/WindowsException'> (0x00000000e2ad2060) thrown at [C:\src\AOSP-openjdk-git\hotspot\src\share\vm\prims\jni.cpp, line 710]
Event: 164.225 Thread 0x000000001cd08000 Exception <a 'sun/nio/fs/WindowsException'> (0x00000000e2ad5968) thrown at [C:\src\AOSP-openjdk-git\hotspot\src\share\vm\prims\jni.cpp, line 710]
Event: 164.233 Thread 0x0000000024c91000 Exception <a 'sun/nio/fs/WindowsException'> (0x00000000e2c1a448) thrown at [C:\src\AOSP-openjdk-git\hotspot\src\share\vm\prims\jni.cpp, line 710]
Event: 164.287 Thread 0x0000000024c90800 Exception <a 'sun/nio/fs/WindowsException'> (0x00000000e25c3158) thrown at [C:\src\AOSP-openjdk-git\hotspot\src\share\vm\prims\jni.cpp, line 710]
Event: 164.613 Thread 0x000000001979d000 Exception <a 'java/lang/NoSuchMethodError': <clinit>> (0x00000000e6dc5fb0) thrown at [C:\src\AOSP-openjdk-git\hotspot\src\share\vm\prims\jni.cpp, line 1615]
Event: 164.658 Thread 0x0000000024c90800 Exception <a 'sun/nio/fs/WindowsException'> (0x00000000e79cf828) thrown at [C:\src\AOSP-openjdk-git\hotspot\src\share\vm\prims\jni.cpp, line 710]
Event: 164.658 Thread 0x0000000024c91000 Exception <a 'sun/nio/fs/WindowsException'> (0x00000000e77ad1b8) thrown at [C:\src\AOSP-openjdk-git\hotspot\src\share\vm\prims\jni.cpp, line 710]
Event: 165.014 Thread 0x000000001cd09800 Exception <a 'sun/nio/fs/WindowsException'> (0x00000000e96cae68) thrown at [C:\src\AOSP-openjdk-git\hotspot\src\share\vm\prims\jni.cpp, line 710]

Events (10 events):
Event: 165.596 loading class com/android/tools/r8/t/a/a/G/g
Event: 165.596 loading class com/android/tools/r8/t/a/a/G/g done
Event: 165.598 loading class com/android/tools/r8/t/a/a/G/p
Event: 165.598 loading class com/android/tools/r8/t/a/a/G/p done
Event: 165.601 loading class com/android/tools/r8/t/a/a/G/f
Event: 165.601 loading class com/android/tools/r8/t/a/a/G/f done
Event: 165.602 loading class com/android/tools/r8/ir/conversion/N
Event: 165.602 loading class com/android/tools/r8/ir/conversion/N done
Event: 165.611 loading class com/android/tools/r8/ir/code/Monitor
Event: 165.611 loading class com/android/tools/r8/ir/code/Monitor done


Dynamic libraries:
0x00007ff7dccf0000 - 0x00007ff7dcd21000 	C:\Program Files\Android\Android Studio\jre\bin\java.exe
0x00007ffb5c340000 - 0x00007ffb5c530000 	C:\WINDOWS\SYSTEM32\ntdll.dll
0x00007ffb5c240000 - 0x00007ffb5c2f2000 	C:\WINDOWS\System32\KERNEL32.DLL
0x00007ffb59ba0000 - 0x00007ffb59e45000 	C:\WINDOWS\System32\KERNELBASE.dll
0x00007ffb5b900000 - 0x00007ffb5b9a3000 	C:\WINDOWS\System32\ADVAPI32.dll
0x00007ffb5b790000 - 0x00007ffb5b82e000 	C:\WINDOWS\System32\msvcrt.dll
0x00007ffb5b4b0000 - 0x00007ffb5b547000 	C:\WINDOWS\System32\sechost.dll
0x00007ffb5c120000 - 0x00007ffb5c23f000 	C:\WINDOWS\System32\RPCRT4.dll
0x00007ffb5ab60000 - 0x00007ffb5acf4000 	C:\WINDOWS\System32\USER32.dll
0x00007ffb5a070000 - 0x00007ffb5a091000 	C:\WINDOWS\System32\win32u.dll
0x00007ffb5a6d0000 - 0x00007ffb5a6f6000 	C:\WINDOWS\System32\GDI32.dll
0x00007ffb59ea0000 - 0x00007ffb5a038000 	C:\WINDOWS\System32\gdi32full.dll
0x00007ffb5a0a0000 - 0x00007ffb5a13e000 	C:\WINDOWS\System32\msvcp_win.dll
0x00007ffb5a2f0000 - 0x00007ffb5a3ea000 	C:\WINDOWS\System32\ucrtbase.dll
0x00007ffb49820000 - 0x00007ffb49aa4000 	C:\WINDOWS\WinSxS\amd64_microsoft.windows.common-controls_6595b64144ccf1df_6.0.18362.1316_none_9e7a364fe461dbd7\COMCTL32.dll
0x00007ffb5b170000 - 0x00007ffb5b4a7000 	C:\WINDOWS\System32\combase.dll
0x00007ffb592c0000 - 0x00007ffb59341000 	C:\WINDOWS\System32\bcryptPrimitives.dll
0x00007ffb5b550000 - 0x00007ffb5b57e000 	C:\WINDOWS\System32\IMM32.DLL
0x000000005c6b0000 - 0x000000005c782000 	C:\Program Files\Android\Android Studio\jre\jre\bin\msvcr100.dll
0x000000005c790000 - 0x000000005cfdb000 	C:\Program Files\Android\Android Studio\jre\jre\bin\server\jvm.dll
0x00007ffb5aa60000 - 0x00007ffb5aa68000 	C:\WINDOWS\System32\PSAPI.DLL
0x00007ffb49110000 - 0x00007ffb49119000 	C:\WINDOWS\SYSTEM32\WSOCK32.dll
0x00007ffb57350000 - 0x00007ffb57374000 	C:\WINDOWS\SYSTEM32\WINMM.dll
0x00007ffb5aa70000 - 0x00007ffb5aadf000 	C:\WINDOWS\System32\WS2_32.dll
0x00007ffb572e0000 - 0x00007ffb5730d000 	C:\WINDOWS\SYSTEM32\winmmbase.dll
0x00007ffb4bc30000 - 0x00007ffb4bc3a000 	C:\WINDOWS\SYSTEM32\VERSION.dll
0x00007ffb59e50000 - 0x00007ffb59e9a000 	C:\WINDOWS\System32\cfgmgr32.dll
0x00007ffb48730000 - 0x00007ffb4873f000 	C:\Program Files\Android\Android Studio\jre\jre\bin\verify.dll
0x00007ffb23f50000 - 0x00007ffb23f79000 	C:\Program Files\Android\Android Studio\jre\jre\bin\java.dll
0x00007ffb23f30000 - 0x00007ffb23f46000 	C:\Program Files\Android\Android Studio\jre\jre\bin\zip.dll
0x00007ffb5ba30000 - 0x00007ffb5c118000 	C:\WINDOWS\System32\SHELL32.dll
0x00007ffb5a5c0000 - 0x00007ffb5a667000 	C:\WINDOWS\System32\shcore.dll
0x00007ffb59370000 - 0x00007ffb59aeb000 	C:\WINDOWS\System32\windows.storage.dll
0x00007ffb59290000 - 0x00007ffb592b3000 	C:\WINDOWS\System32\profapi.dll
0x00007ffb59220000 - 0x00007ffb5926a000 	C:\WINDOWS\System32\powrprof.dll
0x00007ffb591f0000 - 0x00007ffb59200000 	C:\WINDOWS\System32\UMPDC.dll
0x00007ffb5a670000 - 0x00007ffb5a6c2000 	C:\WINDOWS\System32\shlwapi.dll
0x00007ffb59200000 - 0x00007ffb59211000 	C:\WINDOWS\System32\kernel.appcore.dll
0x00007ffb59350000 - 0x00007ffb59367000 	C:\WINDOWS\System32\cryptsp.dll
0x00007ffb23f10000 - 0x00007ffb23f2a000 	C:\Program Files\Android\Android Studio\jre\jre\bin\net.dll
0x00007ffb589d0000 - 0x00007ffb58a37000 	C:\WINDOWS\system32\mswsock.dll
0x00007ffb23ef0000 - 0x00007ffb23f03000 	C:\Program Files\Android\Android Studio\jre\jre\bin\nio.dll
0x00007ffb51dc0000 - 0x00007ffb51de6000 	C:\Users\ankita\.gradle\native\30\windows-amd64\native-platform.dll
0x00007ffb45d50000 - 0x00007ffb45d5d000 	C:\Program Files\Android\Android Studio\jre\jre\bin\management.dll
0x00007ffb58550000 - 0x00007ffb58583000 	C:\WINDOWS\system32\rsaenh.dll
0x00007ffb5a040000 - 0x00007ffb5a066000 	C:\WINDOWS\System32\bcrypt.dll
0x00007ffb59110000 - 0x00007ffb59135000 	C:\WINDOWS\SYSTEM32\USERENV.dll
0x00007ffb58ba0000 - 0x00007ffb58bac000 	C:\WINDOWS\SYSTEM32\CRYPTBASE.dll
0x00007ffb586e0000 - 0x00007ffb5871a000 	C:\WINDOWS\SYSTEM32\IPHLPAPI.DLL
0x00007ffb5a700000 - 0x00007ffb5a708000 	C:\WINDOWS\System32\NSI.dll
0x00007ffb52fa0000 - 0x00007ffb52fb6000 	C:\WINDOWS\SYSTEM32\dhcpcsvc6.DLL
0x00007ffb52ed0000 - 0x00007ffb52eec000 	C:\WINDOWS\SYSTEM32\dhcpcsvc.DLL
0x00007ffb58720000 - 0x00007ffb587eb000 	C:\WINDOWS\SYSTEM32\DNSAPI.dll
0x00007ffb23ec0000 - 0x00007ffb23ee4000 	C:\Program Files\Android\Android Studio\jre\jre\bin\sunec.dll
0x00007ffb4d1f0000 - 0x00007ffb4d1fa000 	C:\Windows\System32\rasadhlp.dll
0x00007ffb524a0000 - 0x00007ffb52517000 	C:\WINDOWS\System32\fwpuclnt.dll
0x00007ffb454d0000 - 0x00007ffb454db000 	C:\Program Files\Android\Android Studio\jre\jre\bin\sunmscapi.dll
0x00007ffb5a1a0000 - 0x00007ffb5a2ea000 	C:\WINDOWS\System32\CRYPT32.dll
0x00007ffb59270000 - 0x00007ffb59282000 	C:\WINDOWS\System32\MSASN1.dll
0x00007ffb58230000 - 0x00007ffb58261000 	C:\WINDOWS\SYSTEM32\ntmarta.dll
0x00007ffb51da0000 - 0x00007ffb51dbe000 	C:\Users\ankita\AppData\Local\Temp\native-platform4992443326233482050dir\native-platform.dll

VM Arguments:
jvm_args: -Xmx1536M -Dfile.encoding=windows-1252 -Duser.country=US -Duser.language=en -Duser.variant 
java_command: org.gradle.launcher.daemon.bootstrap.GradleDaemon 5.6.2
java_class_path (initial): C:\Users\ankita\.gradle\wrapper\dists\gradle-5.6.2-all\9st6wgf78h16so49nn74lgtbb\gradle-5.6.2\lib\gradle-launcher-5.6.2.jar
Launcher Type: SUN_STANDARD

Environment Variables:
JAVA_HOME=C:\Program Files\Android\Android Studio\jre
CLASSPATH=D:\Radhen\shinewash\android\\gradle\wrapper\gradle-wrapper.jar
PATH=C:\Program Files (x86)\Common Files\Oracle\Java\javapath;C:\Windows\System32;C:\src\flutter\bin;C:\Program Files\Git\cmd;C:\WINDOWS\system32;C:\WINDOWS;C:\WINDOWS\System32\Wbem;C:\WINDOWS\System32\WindowsPowerShell\v1.0\;C:\WINDOWS\System32\OpenSSH\;C:\ProgramData\chocolatey\bin;;C:\Program Files\Microsoft VS Code\bin;C:\Program Files\Microsoft VS Code\bin;C:\Users\ankita\AppData\Local\Microsoft\WindowsApps;C:\Users\ankita\AppData\Roaming\npm;C:\Users\ankita\AppData\Local\atom\bin;C:\src\flutter\bin;C:\WINDOWS\System32\WindowsPowerShell\v1.0\;;C:\Users\ankita\AppData\Local\Microsoft\WindowsApps;C:\tools\dart-sdk\bin;C:\Users\ankita\AppData\Roaming\Pub\Cache\bin;
USERNAME=ankita
OS=Windows_NT
PROCESSOR_IDENTIFIER=Intel64 Family 6 Model 58 Stepping 9, GenuineIntel



---------------  S Y S T E M  ---------------

OS: Windows 10.0 , 64 bit Build 18362 (10.0.18362.1316)

CPU:total 4 (initial active 4) (2 cores per cpu, 2 threads per core) family 6 model 58 stepping 9, cmov, cx8, fxsr, mmx, sse, sse2, sse3, ssse3, sse4.1, sse4.2, popcnt, avx, aes, clmul, erms, ht, tsc, tscinvbit, tscinv

Memory: 4k page, physical 8189920k(324900k free), swap 20991224k(2020k free)

vm_info: OpenJDK 64-Bit Server VM (25.242-b01) for windows-amd64 JRE (1.8.0_242-release-1644-b01), built by "builder" with MS VC++ 10.0 (VS2010)

time: Fri Jan 22 18:46:40 2021
timezone: India Standard Time
elapsed time: 165 seconds (0d 0h 2m 45s)

