#
# There is insufficient memory for the Java Runtime Environment to continue.
# Native memory allocation (malloc) failed to allocate 32784 bytes for Chunk::new
# Possible reasons:
#   The system is out of physical RAM or swap space
#   The process is running with CompressedOops enabled, and the Java Heap may be blocking the growth of the native heap
# Possible solutions:
#   Reduce memory load on the system
#   Increase physical memory or swap space
#   Check if swap backing store is full
#   Decrease Java heap size (-Xmx/-Xms)
#   Decrease number of Java threads
#   Decrease Java thread stack sizes (-Xss)
#   Set larger code cache with -XX:ReservedCodeCacheSize=
#   JVM is running with Unscaled Compressed Oops mode in which the Java heap is
#     placed in the first 4GB address space. The Java Heap base address is the
#     maximum limit for the native heap growth. Please use -XX:HeapBaseMinAddress
#     to set the Java Heap base and to place the Java Heap above 4GB virtual address.
# This output file may be truncated or incomplete.
#
#  Out of Memory Error (allocation.cpp:389), pid=11052, tid=0x00000000000012c0
#
# JRE version: OpenJDK Runtime Environment (8.0_242-b01) (build 1.8.0_242-release-1644-b01)
# Java VM: OpenJDK 64-Bit Server VM (25.242-b01 mixed mode windows-amd64 compressed oops)
# Failed to write core dump. Minidumps are not enabled by default on client versions of Windows
#

---------------  T H R E A D  ---------------

Current thread (0x0000000017027800):  JavaThread "C2 CompilerThread0" daemon [_thread_in_native, id=4800, stack(0x0000000018680000,0x0000000018780000)]

Stack: [0x0000000018680000,0x0000000018780000]
[error occurred during error reporting (printing stack bounds), id 0xc0000005]

Native frames: (J=compiled Java code, j=interpreted, Vv=VM code, C=native code)


Current CompileTask:
C2:  53514 1084 % !   4       java.io.BufferedReader::readLine @ 131 (304 bytes)


---------------  P R O C E S S  ---------------

Java Threads: ( => current thread )
  0x0000000019913000 JavaThread "Forward input" [_thread_blocked, id=13480, stack(0x000000001af90000,0x000000001b090000)]
  0x0000000019912000 JavaThread "DisconnectableInputStream source reader" daemon [_thread_in_native, id=15104, stack(0x000000001ae90000,0x000000001af90000)]
  0x00000000195b5800 JavaThread "pool-1-thread-1" [_thread_blocked, id=13944, stack(0x0000000019780000,0x0000000019880000)]
  0x00000000189a8800 JavaThread "Service Thread" daemon [_thread_blocked, id=1400, stack(0x0000000018d80000,0x0000000018e80000)]
  0x000000001702e000 JavaThread "C1 CompilerThread2" daemon [_thread_blocked, id=1868, stack(0x0000000018880000,0x0000000018980000)]
  0x000000001702b000 JavaThread "C2 CompilerThread1" daemon [_thread_in_native, id=7944, stack(0x0000000018780000,0x0000000018880000)]
=>0x0000000017027800 JavaThread "C2 CompilerThread0" daemon [_thread_in_native, id=4800, stack(0x0000000018680000,0x0000000018780000)]
  0x0000000017025800 JavaThread "Attach Listener" daemon [_thread_blocked, id=2580, stack(0x0000000018580000,0x0000000018680000)]
  0x0000000017023800 JavaThread "Signal Dispatcher" daemon [_thread_blocked, id=7900, stack(0x0000000018480000,0x0000000018580000)]
  0x00000000025bc800 JavaThread "Finalizer" daemon [_thread_blocked, id=9540, stack(0x0000000018280000,0x0000000018380000)]
  0x0000000017009000 JavaThread "Reference Handler" daemon [_thread_blocked, id=8692, stack(0x0000000018180000,0x0000000018280000)]
  0x00000000024c2800 JavaThread "main" [_thread_in_Java, id=2100, stack(0x00000000023c0000,0x00000000024c0000)]

Other Threads:
  0x0000000016fe8000 VMThread [stack: 0x0000000018080000,0x0000000018180000] [id=6012]
  0x00000000189a9000 WatcherThread [stack: 0x0000000018e80000,0x0000000018f80000] [id=6148]

VM state:not at safepoint (normal execution)

VM Mutex/Monitor currently owned by a thread: None

heap address: 0x0000000083000000, size: 2000 MB, Compressed Oops mode: 32-bit
Narrow klass base: 0x0000000000000000, Narrow klass shift: 3
Compressed class space size: 1073741824 Address: 0x0000000100000000

Heap:
 PSYoungGen      total 37888K, used 14945K [0x00000000d6580000, 0x00000000d8f80000, 0x0000000100000000)
  eden space 32768K, 30% used [0x00000000d6580000,0x00000000d6f56650,0x00000000d8580000)
  from space 5120K, 95% used [0x00000000d8580000,0x00000000d8a420b8,0x00000000d8a80000)
  to   space 5120K, 0% used [0x00000000d8a80000,0x00000000d8a80000,0x00000000d8f80000)
 ParOldGen       total 86016K, used 16K [0x0000000083000000, 0x0000000088400000, 0x00000000d6580000)
  object space 86016K, 0% used [0x0000000083000000,0x0000000083004000,0x0000000088400000)
 Metaspace       used 10309K, capacity 10606K, committed 11008K, reserved 1058816K
  class space    used 1336K, capacity 1433K, committed 1536K, reserved 1048576K

Card table byte_map: [0x0000000011980000,0x0000000011d70000] byte_map_base: 0x0000000011568000

Marking Bits: (ParMarkBitMap*) 0x0000000073b0f030
 Begin Bits: [0x0000000012410000, 0x0000000014350000)
 End Bits:   [0x0000000014350000, 0x0000000016290000)

Polling page: 0x0000000000640000

CodeCache: size=245760Kb used=3684Kb max_used=3684Kb free=242075Kb
 bounds [0x00000000025c0000, 0x0000000002960000, 0x00000000115c0000]
 total_blobs=1464 nmethods=1106 adapters=272
 compilation: enabled

Compilation events (10 events):
Event: 53.465 Thread 0x000000001702e000 nmethod 1086% 0x000000000294a690 code [0x000000000294aa40, 0x000000000294cac8]
Event: 53.465 Thread 0x000000001702e000 1087       3       java.util.LinkedList::linkBefore (63 bytes)
Event: 53.465 Thread 0x000000001702e000 nmethod 1087 0x000000000294e1d0 code [0x000000000294e340, 0x000000000294e690]
Event: 53.465 Thread 0x000000001702e000 1089       3       sun.nio.cs.SingleByte$Decoder::decodeArrayLoop (154 bytes)
Event: 53.467 Thread 0x000000001702e000 nmethod 1089 0x000000000294e810 code [0x000000000294ebc0, 0x0000000002950ac8]
Event: 53.467 Thread 0x000000001702e000 1088       3       java.util.LinkedList::unlinkLast (64 bytes)
Event: 53.467 Thread 0x000000001702b000 1090 %     4       sun.nio.cs.SingleByte$Decoder::decodeArrayLoop @ 88 (154 bytes)
Event: 53.467 Thread 0x000000001702e000 nmethod 1088 0x0000000002952010 code [0x0000000002952160, 0x0000000002952390]
Event: 53.469 Thread 0x000000001702e000 1091       3       java.nio.charset.CoderResult::isUnderflow (13 bytes)
Event: 53.469 Thread 0x000000001702e000 nmethod 1091 0x0000000002952450 code [0x00000000029525a0, 0x0000000002952750]

GC Heap History (2 events):
Event: 1.775 GC heap before
{Heap before GC invocations=1 (full 0):
 PSYoungGen      total 37888K, used 32768K [0x00000000d6580000, 0x00000000d8f80000, 0x0000000100000000)
  eden space 32768K, 100% used [0x00000000d6580000,0x00000000d8580000,0x00000000d8580000)
  from space 5120K, 0% used [0x00000000d8a80000,0x00000000d8a80000,0x00000000d8f80000)
  to   space 5120K, 0% used [0x00000000d8580000,0x00000000d8580000,0x00000000d8a80000)
 ParOldGen       total 86016K, used 0K [0x0000000083000000, 0x0000000088400000, 0x00000000d6580000)
  object space 86016K, 0% used [0x0000000083000000,0x0000000083000000,0x0000000088400000)
 Metaspace       used 8585K, capacity 8850K, committed 8960K, reserved 1056768K
  class space    used 1131K, capacity 1229K, committed 1280K, reserved 1048576K
Event: 1.784 GC heap after
Heap after GC invocations=1 (full 0):
 PSYoungGen      total 37888K, used 4872K [0x00000000d6580000, 0x00000000d8f80000, 0x0000000100000000)
  eden space 32768K, 0% used [0x00000000d6580000,0x00000000d6580000,0x00000000d8580000)
  from space 5120K, 95% used [0x00000000d8580000,0x00000000d8a420b8,0x00000000d8a80000)
  to   space 5120K, 0% used [0x00000000d8a80000,0x00000000d8a80000,0x00000000d8f80000)
 ParOldGen       total 86016K, used 16K [0x0000000083000000, 0x0000000088400000, 0x00000000d6580000)
  object space 86016K, 0% used [0x0000000083000000,0x0000000083004000,0x0000000088400000)
 Metaspace       used 8585K, capacity 8850K, committed 8960K, reserved 1056768K
  class space    used 1131K, capacity 1229K, committed 1280K, reserved 1048576K
}

Deoptimization events (9 events):
Event: 1.229 Thread 0x00000000024c2800 Uncommon trap: reason=unstable_if action=reinterpret pc=0x00000000027597c0 method=java.util.regex.Matcher.reset()Ljava/util/regex/Matcher; @ 47
Event: 1.229 Thread 0x00000000024c2800 Uncommon trap: reason=class_check action=maybe_recompile pc=0x000000000275d550 method=java.util.regex.Matcher.match(II)Z @ 86
Event: 1.229 Thread 0x00000000024c2800 Uncommon trap: reason=class_check action=maybe_recompile pc=0x000000000275d550 method=java.util.regex.Matcher.match(II)Z @ 86
Event: 1.230 Thread 0x00000000024c2800 Uncommon trap: reason=class_check action=maybe_recompile pc=0x000000000275d550 method=java.util.regex.Matcher.match(II)Z @ 86
Event: 1.230 Thread 0x00000000024c2800 Uncommon trap: reason=class_check action=maybe_recompile pc=0x000000000275d550 method=java.util.regex.Matcher.match(II)Z @ 86
Event: 1.595 Thread 0x00000000024c2800 Uncommon trap: reason=unstable_if action=reinterpret pc=0x00000000028332a0 method=java.util.HashMap.hash(Ljava/lang/Object;)I @ 1
Event: 1.790 Thread 0x00000000024c2800 Uncommon trap: reason=unstable_if action=reinterpret pc=0x0000000002827f7c method=java.util.HashMap.getNode(ILjava/lang/Object;)Ljava/util/HashMap$Node; @ 129
Event: 1.790 Thread 0x00000000024c2800 Uncommon trap: reason=bimorphic action=maybe_recompile pc=0x0000000002837934 method=java.util.HashMap.putVal(ILjava/lang/Object;Ljava/lang/Object;ZZ)Ljava/lang/Object; @ 203
Event: 53.450 Thread 0x00000000024c2800 Uncommon trap: reason=unstable_if action=reinterpret pc=0x000000000293f184 method=com.esotericsoftware.kryo.io.Input.require(I)I @ 180

Classes redefined (0 events):
No events

Internal exceptions (10 events):
Event: 1.608 Thread 0x00000000024c2800 Exception <a 'java/lang/ArrayIndexOutOfBoundsException'> (0x00000000d80b8bb0) thrown at [C:\src\AOSP-openjdk-git\hotspot\src\share\vm\runtime\sharedRuntime.cpp, line 605]
Event: 1.609 Thread 0x00000000024c2800 Exception <a 'java/lang/ArrayIndexOutOfBoundsException'> (0x00000000d80bcf08) thrown at [C:\src\AOSP-openjdk-git\hotspot\src\share\vm\runtime\sharedRuntime.cpp, line 605]
Event: 1.618 Thread 0x00000000024c2800 Exception <a 'java/lang/ArrayIndexOutOfBoundsException'> (0x00000000d811eb90) thrown at [C:\src\AOSP-openjdk-git\hotspot\src\share\vm\runtime\sharedRuntime.cpp, line 605]
Event: 1.619 Thread 0x00000000024c2800 Exception <a 'java/lang/ArrayIndexOutOfBoundsException'> (0x00000000d811fc60) thrown at [C:\src\AOSP-openjdk-git\hotspot\src\share\vm\runtime\sharedRuntime.cpp, line 605]
Event: 1.619 Thread 0x00000000024c2800 Exception <a 'java/lang/ArrayIndexOutOfBoundsException'> (0x00000000d8120b90) thrown at [C:\src\AOSP-openjdk-git\hotspot\src\share\vm\runtime\sharedRuntime.cpp, line 605]
Event: 1.619 Thread 0x00000000024c2800 Exception <a 'java/lang/ArrayIndexOutOfBoundsException'> (0x00000000d8123370) thrown at [C:\src\AOSP-openjdk-git\hotspot\src\share\vm\runtime\sharedRuntime.cpp, line 605]
Event: 1.620 Thread 0x00000000024c2800 Exception <a 'java/lang/ArrayIndexOutOfBoundsException'> (0x00000000d8126f88) thrown at [C:\src\AOSP-openjdk-git\hotspot\src\share\vm\runtime\sharedRuntime.cpp, line 605]
Event: 1.710 Thread 0x00000000024c2800 Exception <a 'java/lang/NoSuchFieldError': method resolution failed> (0x00000000d82f3230) thrown at [C:\src\AOSP-openjdk-git\hotspot\src\share\vm\prims\methodHandles.cpp, line 1167]
Event: 1.713 Thread 0x00000000024c2800 Exception <a 'java/lang/NoSuchFieldError': method resolution failed> (0x00000000d8300d30) thrown at [C:\src\AOSP-openjdk-git\hotspot\src\share\vm\prims\methodHandles.cpp, line 1167]
Event: 53.450 Thread 0x00000000024c2800 Exception <a 'java/io/IOException'> (0x00000000d6b9e790) thrown at [C:\src\AOSP-openjdk-git\hotspot\src\share\vm\prims\jni.cpp, line 710]

Events (10 events):
Event: 52.823 loading class org/gradle/internal/logging/text/AbstractLineChoppingStyledTextOutput$StateContext done
Event: 53.450 Thread 0x00000000024c2800 Uncommon trap: trap_request=0xffffff65 fr.pc=0x000000000293f184
Event: 53.450 Thread 0x00000000024c2800 DEOPT PACKING pc=0x000000000293f184 sp=0x00000000024bd620
Event: 53.450 Thread 0x00000000024c2800 DEOPT UNPACKING pc=0x000000000260557b sp=0x00000000024bd488 mode 2
Event: 53.450 loading class org/slf4j/helpers/MessageFormatter
Event: 53.450 loading class org/slf4j/helpers/MessageFormatter done
Event: 53.451 loading class org/slf4j/helpers/FormattingTuple
Event: 53.451 loading class org/slf4j/helpers/FormattingTuple done
Event: 53.452 loading class org/gradle/util/internal/LimitedDescription
Event: 53.452 loading class org/gradle/util/internal/LimitedDescription done


Dynamic libraries:
0x00007ff669800000 - 0x00007ff669831000 	C:\Program Files\Android\Android Studio\jre\bin\java.exe
0x00007ffef7880000 - 0x00007ffef7a70000 	C:\WINDOWS\SYSTEM32\ntdll.dll
0x00007ffef6a90000 - 0x00007ffef6b42000 	C:\WINDOWS\System32\KERNEL32.DLL
0x00007ffef4b20000 - 0x00007ffef4dc5000 	C:\WINDOWS\System32\KERNELBASE.dll
0x00007ffef5ae0000 - 0x00007ffef5b83000 	C:\WINDOWS\System32\ADVAPI32.dll
0x00007ffef6990000 - 0x00007ffef6a2e000 	C:\WINDOWS\System32\msvcrt.dll
0x00007ffef5d50000 - 0x00007ffef5de7000 	C:\WINDOWS\System32\sechost.dll
0x00007ffef7720000 - 0x00007ffef7840000 	C:\WINDOWS\System32\RPCRT4.dll
0x00007ffef5b90000 - 0x00007ffef5d24000 	C:\WINDOWS\System32\USER32.dll
0x00007ffef4dd0000 - 0x00007ffef4df1000 	C:\WINDOWS\System32\win32u.dll
0x00007ffef6140000 - 0x00007ffef6166000 	C:\WINDOWS\System32\GDI32.dll
0x00007ffef4e30000 - 0x00007ffef4fc6000 	C:\WINDOWS\System32\gdi32full.dll
0x00007ffef5760000 - 0x00007ffef57fe000 	C:\WINDOWS\System32\msvcp_win.dll
0x00007ffef4800000 - 0x00007ffef48fa000 	C:\WINDOWS\System32\ucrtbase.dll
0x00007ffee65c0000 - 0x00007ffee6844000 	C:\WINDOWS\WinSxS\amd64_microsoft.windows.common-controls_6595b64144ccf1df_6.0.18362.1198_none_9e820b57e45ad92f\COMCTL32.dll
0x00007ffef7280000 - 0x00007ffef75b5000 	C:\WINDOWS\System32\combase.dll
0x00007ffef5800000 - 0x00007ffef5880000 	C:\WINDOWS\System32\bcryptPrimitives.dll
0x00007ffef6fd0000 - 0x00007ffef6ffe000 	C:\WINDOWS\System32\IMM32.DLL
0x0000000073260000 - 0x0000000073332000 	C:\Program Files\Android\Android Studio\jre\jre\bin\msvcr100.dll
0x0000000073340000 - 0x0000000073b8b000 	C:\Program Files\Android\Android Studio\jre\jre\bin\server\jvm.dll
0x00007ffef6170000 - 0x00007ffef6178000 	C:\WINDOWS\System32\PSAPI.DLL
0x00007ffee4780000 - 0x00007ffee4789000 	C:\WINDOWS\SYSTEM32\WSOCK32.dll
0x00007ffef5ea0000 - 0x00007ffef5f0f000 	C:\WINDOWS\System32\WS2_32.dll
0x00007ffef2840000 - 0x00007ffef2864000 	C:\WINDOWS\SYSTEM32\WINMM.dll
0x00007ffee7d60000 - 0x00007ffee7d6a000 	C:\WINDOWS\SYSTEM32\VERSION.dll
0x00007ffef2710000 - 0x00007ffef273d000 	C:\WINDOWS\SYSTEM32\winmmbase.dll
0x00007ffef58e0000 - 0x00007ffef592a000 	C:\WINDOWS\System32\cfgmgr32.dll
0x00007ffee4690000 - 0x00007ffee469f000 	C:\Program Files\Android\Android Studio\jre\jre\bin\verify.dll
0x00007ffee4660000 - 0x00007ffee4689000 	C:\Program Files\Android\Android Studio\jre\jre\bin\java.dll
0x00007ffee4640000 - 0x00007ffee4656000 	C:\Program Files\Android\Android Studio\jre\jre\bin\zip.dll
0x00007ffef6190000 - 0x00007ffef6877000 	C:\WINDOWS\System32\SHELL32.dll
0x00007ffef6880000 - 0x00007ffef6929000 	C:\WINDOWS\System32\shcore.dll
0x00007ffef4fd0000 - 0x00007ffef5751000 	C:\WINDOWS\System32\windows.storage.dll
0x00007ffef4790000 - 0x00007ffef47b3000 	C:\WINDOWS\System32\profapi.dll
0x00007ffef4740000 - 0x00007ffef478a000 	C:\WINDOWS\System32\powrprof.dll
0x00007ffef4730000 - 0x00007ffef4740000 	C:\WINDOWS\System32\UMPDC.dll
0x00007ffef6a30000 - 0x00007ffef6a82000 	C:\WINDOWS\System32\shlwapi.dll
0x00007ffef47c0000 - 0x00007ffef47d1000 	C:\WINDOWS\System32\kernel.appcore.dll
0x00007ffef4900000 - 0x00007ffef4917000 	C:\WINDOWS\System32\cryptsp.dll
0x00007ffee4620000 - 0x00007ffee463a000 	C:\Program Files\Android\Android Studio\jre\jre\bin\net.dll
0x00007ffef3f20000 - 0x00007ffef3f87000 	C:\WINDOWS\system32\mswsock.dll
0x00007ffee4600000 - 0x00007ffee4613000 	C:\Program Files\Android\Android Studio\jre\jre\bin\nio.dll
0x00007ffee46a0000 - 0x00007ffee46c6000 	C:\Users\ankita\.gradle\native\30\windows-amd64\native-platform.dll
0x00007ffee45f0000 - 0x00007ffee45fd000 	C:\Program Files\Android\Android Studio\jre\jre\bin\management.dll
0x00007ffef3a90000 - 0x00007ffef3ac3000 	C:\WINDOWS\system32\rsaenh.dll
0x00007ffef4e00000 - 0x00007ffef4e26000 	C:\WINDOWS\System32\bcrypt.dll
0x00007ffef4650000 - 0x00007ffef4675000 	C:\WINDOWS\SYSTEM32\USERENV.dll
0x00007ffef40f0000 - 0x00007ffef40fc000 	C:\WINDOWS\SYSTEM32\CRYPTBASE.dll
0x00007ffef3c30000 - 0x00007ffef3c6a000 	C:\WINDOWS\SYSTEM32\IPHLPAPI.DLL
0x00007ffef6fc0000 - 0x00007ffef6fc8000 	C:\WINDOWS\System32\NSI.dll
0x00007ffeeea20000 - 0x00007ffeeea36000 	C:\WINDOWS\SYSTEM32\dhcpcsvc6.DLL
0x00007ffeee9e0000 - 0x00007ffeee9fc000 	C:\WINDOWS\SYSTEM32\dhcpcsvc.DLL
0x00007ffef3c70000 - 0x00007ffef3d3b000 	C:\WINDOWS\SYSTEM32\DNSAPI.dll

VM Arguments:
jvm_args: -Dorg.gradle.appname=gradlew 
java_command: org.gradle.wrapper.GradleWrapperMain -q -Ptarget-platform=android-arm64 -Ptarget=D:\Radhen\shinewash\lib\main.dart -Ptrack-widget-creation=true -Pfilesystem-scheme=org-dartlang-root -Pdart-defines=flutter.inspector.structuredErrors%3Dtrue assembleDebug
java_class_path (initial): D:\Radhen\shinewash\android\\gradle\wrapper\gradle-wrapper.jar
Launcher Type: SUN_STANDARD

Environment Variables:
JAVA_HOME=C:\Program Files\Android\Android Studio\jre
CLASSPATH=D:\Radhen\shinewash\android\\gradle\wrapper\gradle-wrapper.jar
PATH=C:\Program Files (x86)\Common Files\Oracle\Java\javapath;C:\Windows\System32;C:\src\flutter\bin;C:\Program Files\Git\cmd;C:\WINDOWS\system32;C:\WINDOWS;C:\WINDOWS\System32\Wbem;C:\WINDOWS\System32\WindowsPowerShell\v1.0\;C:\WINDOWS\System32\OpenSSH\;C:\ProgramData\chocolatey\bin;;C:\Program Files\Microsoft VS Code\bin;C:\Program Files\Microsoft VS Code\bin;C:\Users\ankita\AppData\Local\Microsoft\WindowsApps;C:\Users\ankita\AppData\Roaming\npm;C:\Users\ankita\AppData\Local\atom\bin;C:\src\flutter\bin;C:\WINDOWS\System32\WindowsPowerShell\v1.0\;;C:\Users\ankita\AppData\Local\Microsoft\WindowsApps;C:\tools\dart-sdk\bin;C:\Users\ankita\AppData\Roaming\Pub\Cache\bin;
USERNAME=ankita
OS=Windows_NT
PROCESSOR_IDENTIFIER=Intel64 Family 6 Model 58 Stepping 9, GenuineIntel



---------------  S Y S T E M  ---------------

OS: Windows 10.0 , 64 bit Build 18362 (10.0.18362.1110)

CPU:total 4 (initial active 4) (2 cores per cpu, 2 threads per core) family 6 model 58 stepping 9, cmov, cx8, fxsr, mmx, sse, sse2, sse3, ssse3, sse4.1, sse4.2, popcnt, avx, aes, clmul, erms, ht, tsc, tscinvbit, tscinv

Memory: 4k page, physical 8189920k(512372k free), swap 20991224k(156548k free)

vm_info: OpenJDK 64-Bit Server VM (25.242-b01) for windows-amd64 JRE (1.8.0_242-release-1644-b01), built by "builder" with MS VC++ 10.0 (VS2010)

time: Tue Dec 29 18:03:41 2020
timezone: India Standard Time
elapsed time: 53 seconds (0d 0h 0m 53s)

